[
  {
    "timestamp": "2016-09-10 00:00:00.205191", 
    "testcases": [
      {
        "description": "Test time usage", 
        "ptsEarned": 0.0, 
        "log": "Did not find correct output", 
        "name": "time_test_usage", 
        "ptsPossible": 1.0
      }, 
      {
        "description": "Test env usage", 
        "ptsEarned": 0.0, 
        "log": "Did not find correct output", 
        "name": "env_test_usage", 
        "ptsPossible": 1.0
      }, 
      {
        "description": "Test time exec failure", 
        "ptsEarned": 0.0, 
        "log": "Did not find correct output", 
        "name": "time_test_exec", 
        "ptsPossible": 1.0
      }, 
      {
        "description": "Test env exec failure", 
        "ptsEarned": 0.0, 
        "log": "Did not find correct output", 
        "name": "env_test_exec", 
        "ptsPossible": 1.0
      }, 
      {
        "description": "Test time", 
        "ptsEarned": 0.0, 
        "log": "Invalid reported time", 
        "name": "time_test", 
        "ptsPossible": 1.0
      }, 
      {
        "description": "Test env", 
        "ptsEarned": 0.0, 
        "log": "Something Failed, report to Autograding staff", 
        "name": "env_test", 
        "ptsPossible": 1.0
      }, 
      {
        "description": "Test env", 
        "ptsEarned": 0.0, 
        "log": "Did not find correct output", 
        "name": "env_test_one", 
        "ptsPossible": 1.0
      }, 
      {
        "description": "Test env", 
        "ptsEarned": 0.0, 
        "log": "Something Failed, report to Autograding staff", 
        "name": "env_test_two", 
        "ptsPossible": 1.0
      }, 
      {
        "description": "Test env referencing variable", 
        "ptsEarned": 0.0, 
        "log": "Something Failed, report to Autograding staff", 
        "name": "env_test_ref", 
        "ptsPossible": 1.0
      }, 
      {
        "description": "Test env referencing nonexistence variable", 
        "ptsEarned": 0.0, 
        "log": "Something Failed, report to Autograding staff", 
        "name": "env_test_ref_empty", 
        "ptsPossible": 1.0
      }
    ], 
    "checksum": "034a86d0649e74b23984b18d419f41c4176aea32  env.c\n1649c787d7f52f05cd78940e3ecc3760b07764ac  time.c", 
    "revision": "12194"
  }, 
  {
    "timestamp": "2016-09-10 20:40:00.114211", 
    "testcases": [
      {
        "log": "Did not find correct output", 
        "ptsEarned": 0.0, 
        "ptsPossible": 1.0, 
        "name": "time_test_usage", 
        "description": "Test time usage"
      }, 
      {
        "log": "Did not find correct output", 
        "ptsEarned": 0.0, 
        "ptsPossible": 1.0, 
        "name": "env_test_usage", 
        "description": "Test env usage"
      }, 
      {
        "log": "Did not find correct output", 
        "ptsEarned": 0.0, 
        "ptsPossible": 1.0, 
        "name": "time_test_exec", 
        "description": "Test time exec failure"
      }, 
      {
        "log": "Did not find correct output", 
        "ptsEarned": 0.0, 
        "ptsPossible": 1.0, 
        "name": "env_test_exec", 
        "description": "Test env exec failure"
      }, 
      {
        "log": "Invalid reported time", 
        "ptsEarned": 0.0, 
        "ptsPossible": 1.0, 
        "name": "time_test", 
        "description": "Test time"
      }, 
      {
        "log": "Did not find correct output", 
        "ptsEarned": 0.0, 
        "ptsPossible": 1.0, 
        "name": "env_test", 
        "description": "Test env"
      }, 
      {
        "log": "Did not find correct output", 
        "ptsEarned": 0.0, 
        "ptsPossible": 1.0, 
        "name": "env_test_one", 
        "description": "Test env"
      }, 
      {
        "log": "Did not find correct output", 
        "ptsEarned": 0.0, 
        "ptsPossible": 1.0, 
        "name": "env_test_two", 
        "description": "Test env"
      }, 
      {
        "log": "Did not find correct output", 
        "ptsEarned": 0.0, 
        "ptsPossible": 1.0, 
        "name": "env_test_ref", 
        "description": "Test env referencing variable"
      }, 
      {
        "log": "Did not find correct output", 
        "ptsEarned": 0.0, 
        "ptsPossible": 1.0, 
        "name": "env_test_ref_empty", 
        "description": "Test env referencing nonexistence variable"
      }
    ], 
    "revision": "12702", 
    "checksum": "034a86d0649e74b23984b18d419f41c4176aea32  env.c\n1649c787d7f52f05cd78940e3ecc3760b07764ac  time.c"
  }, 
  {
    "timestamp": "2016-09-11 00:00:00.573402", 
    "testcases": [
      {
        "ptsPossible": 1.0, 
        "ptsEarned": 0.0, 
        "description": "Test time usage", 
        "name": "time_test_usage", 
        "log": "Did not find correct output"
      }, 
      {
        "ptsPossible": 1.0, 
        "ptsEarned": 0.0, 
        "description": "Test env usage", 
        "name": "env_test_usage", 
        "log": "Did not find correct output"
      }, 
      {
        "ptsPossible": 1.0, 
        "ptsEarned": 0.0, 
        "description": "Test time exec failure", 
        "name": "time_test_exec", 
        "log": "Did not find correct output"
      }, 
      {
        "ptsPossible": 1.0, 
        "ptsEarned": 0.0, 
        "description": "Test env exec failure", 
        "name": "env_test_exec", 
        "log": "Did not find correct output"
      }, 
      {
        "ptsPossible": 1.0, 
        "ptsEarned": 0.0, 
        "description": "Test time", 
        "name": "time_test", 
        "log": "Invalid reported time"
      }, 
      {
        "ptsPossible": 1.0, 
        "ptsEarned": 0.0, 
        "description": "Test env", 
        "name": "env_test", 
        "log": "Did not find correct output"
      }, 
      {
        "ptsPossible": 1.0, 
        "ptsEarned": 0.0, 
        "description": "Test env", 
        "name": "env_test_one", 
        "log": "Did not find correct output"
      }, 
      {
        "ptsPossible": 1.0, 
        "ptsEarned": 0.0, 
        "description": "Test env", 
        "name": "env_test_two", 
        "log": "Did not find correct output"
      }, 
      {
        "ptsPossible": 1.0, 
        "ptsEarned": 0.0, 
        "description": "Test env referencing variable", 
        "name": "env_test_ref", 
        "log": "Did not find correct output"
      }, 
      {
        "ptsPossible": 1.0, 
        "ptsEarned": 0.0, 
        "description": "Test env referencing nonexistence variable", 
        "name": "env_test_ref_empty", 
        "log": "Did not find correct output"
      }
    ], 
    "checksum": "034a86d0649e74b23984b18d419f41c4176aea32  env.c\n1649c787d7f52f05cd78940e3ecc3760b07764ac  time.c", 
    "revision": "13069"
  }, 
  {
    "timestamp": "2016-09-12 00:00:00.578407", 
    "testcases": [
      {
        "description": "Test time usage", 
        "ptsEarned": 0.0, 
        "log": "Did not find correct output", 
        "name": "time_test_usage", 
        "ptsPossible": 1.0
      }, 
      {
        "description": "Test env usage", 
        "ptsEarned": 0.0, 
        "log": "Did not find correct output", 
        "name": "env_test_usage", 
        "ptsPossible": 1.0
      }, 
      {
        "description": "Test time exec failure", 
        "ptsEarned": 0.0, 
        "log": "Did not find correct output", 
        "name": "time_test_exec", 
        "ptsPossible": 1.0
      }, 
      {
        "description": "Test env exec failure", 
        "ptsEarned": 0.0, 
        "log": "Did not find correct output", 
        "name": "env_test_exec", 
        "ptsPossible": 1.0
      }, 
      {
        "description": "Test time", 
        "ptsEarned": 0.0, 
        "log": "Invalid reported time", 
        "name": "time_test", 
        "ptsPossible": 1.0
      }, 
      {
        "description": "Test env", 
        "ptsEarned": 1.0, 
        "log": "Trying to compile your code...\nSuccessfully compiled your code..", 
        "name": "env_test", 
        "ptsPossible": 1.0
      }, 
      {
        "description": "Test env", 
        "ptsEarned": 0.0, 
        "log": "Did not find correct output", 
        "name": "env_test_one", 
        "ptsPossible": 1.0
      }, 
      {
        "description": "Test env", 
        "ptsEarned": 0.0, 
        "log": "Did not find correct output", 
        "name": "env_test_two", 
        "ptsPossible": 1.0
      }, 
      {
        "description": "Test env referencing variable", 
        "ptsEarned": 0.0, 
        "log": "Did not find correct output", 
        "name": "env_test_ref", 
        "ptsPossible": 1.0
      }, 
      {
        "description": "Test env referencing nonexistence variable", 
        "ptsEarned": 0.0, 
        "log": "Did not find correct output", 
        "name": "env_test_ref_empty", 
        "ptsPossible": 1.0
      }
    ], 
    "revision": "14320", 
    "checksum": "3b26dd87f3c383af93afc5a821ab580cd07c764f  env.c\n589721845cd9e3c641359f8a9c03f12818bf5190  time.c"
  }, 
  {
    "timestamp": "2016-09-13 00:00:00.575210", 
    "testcases": [
      {
        "log": "Trying to compile your code...\nSuccessfully compiled your code..", 
        "ptsPossible": 1.0, 
        "ptsEarned": 1.0, 
        "name": "time_test_usage", 
        "description": "Test time usage"
      }, 
      {
        "log": "Trying to compile your code...\nFAILED TO COMPILE!\nenv.c:28:2: error: expected expression\n        else{\n        ^\nenv.c:17:26: warning: unused parameter 'argv' [-Wunused-parameter]\nint main(int argc, char *argv[]) {\n                         ^\n1 warning and 1 error generated.\nmake: *** [.objs/env-release.o] Error 1\n", 
        "ptsPossible": 1.0, 
        "ptsEarned": 0.0, 
        "name": "env_test_usage", 
        "description": "Test env usage"
      }, 
      {
        "log": "Did not find correct output", 
        "ptsPossible": 1.0, 
        "ptsEarned": 0.0, 
        "name": "time_test_exec", 
        "description": "Test time exec failure"
      }, 
      {
        "log": "Trying to compile your code...\nFAILED TO COMPILE!\nenv.c:28:2: error: expected expression\n        else{\n        ^\nenv.c:17:26: warning: unused parameter 'argv' [-Wunused-parameter]\nint main(int argc, char *argv[]) {\n                         ^\n1 warning and 1 error generated.\nmake: *** [.objs/env-release.o] Error 1\n", 
        "ptsPossible": 1.0, 
        "ptsEarned": 0.0, 
        "name": "env_test_exec", 
        "description": "Test env exec failure"
      }, 
      {
        "log": "Trying to compile your code...\nSuccessfully compiled your code..", 
        "ptsPossible": 1.0, 
        "ptsEarned": 1.0, 
        "name": "time_test", 
        "description": "Test time"
      }, 
      {
        "log": "Trying to compile your code...\nFAILED TO COMPILE!\nenv.c:28:2: error: expected expression\n        else{\n        ^\nenv.c:17:26: warning: unused parameter 'argv' [-Wunused-parameter]\nint main(int argc, char *argv[]) {\n                         ^\n1 warning and 1 error generated.\nmake: *** [.objs/env-release.o] Error 1\n", 
        "ptsPossible": 1.0, 
        "ptsEarned": 0.0, 
        "name": "env_test", 
        "description": "Test env"
      }, 
      {
        "log": "Trying to compile your code...\nFAILED TO COMPILE!\nenv.c:28:2: error: expected expression\n        else{\n        ^\nenv.c:17:26: warning: unused parameter 'argv' [-Wunused-parameter]\nint main(int argc, char *argv[]) {\n                         ^\n1 warning and 1 error generated.\nmake: *** [.objs/env-release.o] Error 1\n", 
        "ptsPossible": 1.0, 
        "ptsEarned": 0.0, 
        "name": "env_test_one", 
        "description": "Test env"
      }, 
      {
        "log": "Trying to compile your code...\nFAILED TO COMPILE!\nenv.c:28:2: error: expected expression\n        else{\n        ^\nenv.c:17:26: warning: unused parameter 'argv' [-Wunused-parameter]\nint main(int argc, char *argv[]) {\n                         ^\n1 warning and 1 error generated.\nmake: *** [.objs/env-release.o] Error 1\n", 
        "ptsPossible": 1.0, 
        "ptsEarned": 0.0, 
        "name": "env_test_two", 
        "description": "Test env"
      }, 
      {
        "log": "Trying to compile your code...\nFAILED TO COMPILE!\nenv.c:28:2: error: expected expression\n        else{\n        ^\nenv.c:17:26: warning: unused parameter 'argv' [-Wunused-parameter]\nint main(int argc, char *argv[]) {\n                         ^\n1 warning and 1 error generated.\nmake: *** [.objs/env-release.o] Error 1\n", 
        "ptsPossible": 1.0, 
        "ptsEarned": 0.0, 
        "name": "env_test_ref", 
        "description": "Test env referencing variable"
      }, 
      {
        "log": "Trying to compile your code...\nFAILED TO COMPILE!\nenv.c:28:2: error: expected expression\n        else{\n        ^\nenv.c:17:26: warning: unused parameter 'argv' [-Wunused-parameter]\nint main(int argc, char *argv[]) {\n                         ^\n1 warning and 1 error generated.\nmake: *** [.objs/env-release.o] Error 1\n", 
        "ptsPossible": 1.0, 
        "ptsEarned": 0.0, 
        "name": "env_test_ref_empty", 
        "description": "Test env referencing nonexistence variable"
      }
    ], 
    "checksum": "5f037a3170ae7fa001a50e6505a08257099b9e38  env.c\n64d49e20d1aa9d06e99f198305abaeefbc92f4c6  time.c", 
    "revision": "16163"
  }
]