[
  {
    "timestamp": "2016-09-30 10:38:00.621014", 
    "testcases": [
      {
        "description": "Test queue, queue size doesn't exceed max capacity", 
        "ptsEarned": 0.0, 
        "log": "Queue failed to block!", 
        "name": "test_queue_block_on_min", 
        "ptsPossible": 1.0
      }, 
      {
        "description": "Test queue, queue size doesn't exceed max capacity", 
        "ptsEarned": 0.0, 
        "log": "Queue failed to block!", 
        "name": "test_queue_maxSize", 
        "ptsPossible": 1.0
      }, 
      {
        "description": "Test queue, push and pull large amounts of data", 
        "ptsEarned": 0.0, 
        "log": "", 
        "name": "test_queue_generic_test", 
        "ptsPossible": 1.0
      }, 
      {
        "description": "Queue stress test", 
        "ptsEarned": 0.0, 
        "log": "Trying to compile your code...\nSuccessfully compiled your code..\nsum: 0\n\nsum: 0\n\nsum: 0\n\nYour code passed 0 out of 3 runs", 
        "name": "test_queue_stress", 
        "ptsPossible": 1.0
      }, 
      {
        "description": "Queue stress test", 
        "ptsEarned": 1.0, 
        "log": "Trying to compile your code...\nSuccessfully compiled your code..\n==27899== Memcheck, a memory error detector\n==27899== Copyright (C) 2002-2015, and GNU GPL'd, by Julian Seward et al.\n==27899== Using Valgrind-3.11.0 and LibVEX; rerun with -h for copyright info\n==27899== Command: ./queue_tests 5\n==27899== \n==27899== \n==27899== HEAP SUMMARY:\n==27899==     in use at exit: 0 bytes in 0 blocks\n==27899==   total heap usage: 0 allocs, 0 frees, 0 bytes allocated\n==27899== \n==27899== All heap blocks were freed -- no leaks are possible\n==27899== \n==27899== For counts of detected and suppressed errors, rerun with: -v\n==27899== ERROR SUMMARY: 0 errors from 0 contexts (suppressed: 0 from 0)\n", 
        "name": "test_queue_mem", 
        "ptsPossible": 1.0
      }, 
      {
        "description": "Test that queue is not bounded", 
        "ptsEarned": 1.0, 
        "log": "Trying to compile your code...\nSuccessfully compiled your code..", 
        "name": "test_queue_unboundedness", 
        "ptsPossible": 1.0
      }, 
      {
        "description": "Test semamore in rendezvous.c", 
        "ptsEarned": 0.0, 
        "log": "Test Failed", 
        "name": "test_semamore", 
        "ptsPossible": 1.0
      }, 
      {
        "description": "Test semamore init function", 
        "ptsEarned": 0.0, 
        "log": "Test Failed", 
        "name": "test_semamore_init", 
        "ptsPossible": 1.0
      }, 
      {
        "description": "Test semamore wait", 
        "ptsEarned": 0.0, 
        "log": "Test Failed", 
        "name": "test_semamore_wait_simple", 
        "ptsPossible": 1.0
      }, 
      {
        "description": "Test that semamore wait blocks", 
        "ptsEarned": 0.0, 
        "log": "Test Failed", 
        "name": "test_semamore_wait_block", 
        "ptsPossible": 1.0
      }, 
      {
        "description": "Test semamore post", 
        "ptsEarned": 0.0, 
        "log": "Test Failed", 
        "name": "test_semamore_post_simple", 
        "ptsPossible": 1.0
      }, 
      {
        "description": "Test that semamore post blocks", 
        "ptsEarned": 0.0, 
        "log": "Test Failed", 
        "name": "test_semamore_post_block", 
        "ptsPossible": 1.0
      }, 
      {
        "description": "Test on use of barrier.", 
        "ptsEarned": 0.0, 
        "log": "Trying to compile your code...\nSuccessfully compiled your code..\nFailed the test. Output was incorrect.\nFailed the test. Output was incorrect.\nFailed the test. Output was incorrect.\n\nPassed 0/3 trials.", 
        "name": "test_barrier_single", 
        "ptsPossible": 1.0
      }, 
      {
        "description": "Test for multiple uses of the barrier.", 
        "ptsEarned": 0.0, 
        "log": "Trying to compile your code...\nSuccessfully compiled your code..\nFailed the test. Output was incorrect.\nFailed the test. Output was incorrect.\nFailed the test. Output was incorrect.\n\nPassed 0/3 trials.", 
        "name": "test_barrier_multiple", 
        "ptsPossible": 1.0
      }, 
      {
        "description": "Test for multiple uses of the barrier under valgrind.", 
        "ptsEarned": 0.0, 
        "log": "Trying to compile your code...\nSuccessfully compiled your code..\n==28031== Memcheck, a memory error detector\n==28031== Copyright (C) 2002-2015, and GNU GPL'd, by Julian Seward et al.\n==28031== Using Valgrind-3.11.0 and LibVEX; rerun with -h for copyright info\n==28031== Command: ./barrier_tests 2 4\n==28031== \n==28031== \n==28031== HEAP SUMMARY:\n==28031==     in use at exit: 0 bytes in 0 blocks\n==28031==   total heap usage: 5 allocs, 5 frees, 5,184 bytes allocated\n==28031== \n==28031== All heap blocks were freed -- no leaks are possible\n==28031== \n==28031== For counts of detected and suppressed errors, rerun with: -v\n==28031== ERROR SUMMARY: 0 errors from 0 contexts (suppressed: 0 from 0)\n\nFailed the test. Output was incorrect.\n\nPassed 0/1 trials.", 
        "name": "test_barrier_mem", 
        "ptsPossible": 1.0
      }
    ], 
    "revision": "37262", 
    "checksum": "9e9c63c83ef6b56e2f9fac99025cb44279015334  queue.c\n8a483bce32fba801bb574f7d3063adf858985cb9  semamore.c\na6262f03eea81f1eb1aa59e85996c1254e8b4ea3  barrier.c"
  }, 
  {
    "timestamp": "2016-09-30 22:00:00.731724", 
    "testcases": [
      {
        "log": "Queue failed to block!", 
        "ptsEarned": 0.0, 
        "ptsPossible": 1.0, 
        "name": "test_queue_block_on_min", 
        "description": "Test queue, queue size doesn't exceed max capacity"
      }, 
      {
        "log": "Queue failed to block!", 
        "ptsEarned": 0.0, 
        "ptsPossible": 1.0, 
        "name": "test_queue_maxSize", 
        "description": "Test queue, queue size doesn't exceed max capacity"
      }, 
      {
        "log": "", 
        "ptsEarned": 0.0, 
        "ptsPossible": 1.0, 
        "name": "test_queue_generic_test", 
        "description": "Test queue, push and pull large amounts of data"
      }, 
      {
        "log": "Trying to compile your code...\nSuccessfully compiled your code..\nsum: 0\n\nsum: 0\n\nsum: 0\n\nYour code passed 0 out of 3 runs", 
        "ptsEarned": 0.0, 
        "ptsPossible": 1.0, 
        "name": "test_queue_stress", 
        "description": "Queue stress test"
      }, 
      {
        "log": "Trying to compile your code...\nSuccessfully compiled your code..\n==14623== Memcheck, a memory error detector\n==14623== Copyright (C) 2002-2015, and GNU GPL'd, by Julian Seward et al.\n==14623== Using Valgrind-3.11.0 and LibVEX; rerun with -h for copyright info\n==14623== Command: ./queue_tests 5\n==14623== \n==14623== \n==14623== HEAP SUMMARY:\n==14623==     in use at exit: 0 bytes in 0 blocks\n==14623==   total heap usage: 0 allocs, 0 frees, 0 bytes allocated\n==14623== \n==14623== All heap blocks were freed -- no leaks are possible\n==14623== \n==14623== For counts of detected and suppressed errors, rerun with: -v\n==14623== ERROR SUMMARY: 0 errors from 0 contexts (suppressed: 0 from 0)\n", 
        "ptsEarned": 1.0, 
        "ptsPossible": 1.0, 
        "name": "test_queue_mem", 
        "description": "Queue stress test"
      }, 
      {
        "log": "Trying to compile your code...\nSuccessfully compiled your code..", 
        "ptsEarned": 1.0, 
        "ptsPossible": 1.0, 
        "name": "test_queue_unboundedness", 
        "description": "Test that queue is not bounded"
      }, 
      {
        "log": "Trying to compile your code...\nFAILED TO COMPILE!\nsemamore.c:37:26: warning: unused parameter 's' [-Wunused-parameter]\nvoid semm_post(Semamore *s) {\n                         ^\nsemamore.c:47:2: error: implicit declaration of function 'free' is invalid in C99 [-Werror,-Wimplicit-function-declaration]\n        free(s -> m);\n        ^\n1 warning and 1 error generated.\nmake: *** [.objs/semamore-release.o] Error 1\n", 
        "ptsEarned": 0.0, 
        "ptsPossible": 1.0, 
        "name": "test_semamore", 
        "description": "Test semamore in rendezvous.c"
      }, 
      {
        "log": "Trying to compile your code...\nFAILED TO COMPILE!\nsemamore_tests.c:68:14: warning: unused parameter 'argc' [-Wunused-parameter]\nint main(int argc, char **argv){\n             ^\n1 warning generated.\nsemamore.c:37:26: warning: unused parameter 's' [-Wunused-parameter]\nvoid semm_post(Semamore *s) {\n                         ^\nsemamore.c:47:2: error: implicit declaration of function 'free' is invalid in C99 [-Werror,-Wimplicit-function-declaration]\n        free(s -> m);\n        ^\n1 warning and 1 error generated.\nmake: *** [.objs/semamore-release.o] Error 1\n", 
        "ptsEarned": 0.0, 
        "ptsPossible": 1.0, 
        "name": "test_semamore_init", 
        "description": "Test semamore init function"
      }, 
      {
        "log": "Trying to compile your code...\nFAILED TO COMPILE!\nsemamore.c:37:26: warning: unused parameter 's' [-Wunused-parameter]\nvoid semm_post(Semamore *s) {\n                         ^\nsemamore.c:47:2: error: implicit declaration of function 'free' is invalid in C99 [-Werror,-Wimplicit-function-declaration]\n        free(s -> m);\n        ^\n1 warning and 1 error generated.\nmake: *** [.objs/semamore-release.o] Error 1\n", 
        "ptsEarned": 0.0, 
        "ptsPossible": 1.0, 
        "name": "test_semamore_wait_simple", 
        "description": "Test semamore wait"
      }, 
      {
        "log": "Trying to compile your code...\nFAILED TO COMPILE!\nsemamore.c:37:26: warning: unused parameter 's' [-Wunused-parameter]\nvoid semm_post(Semamore *s) {\n                         ^\nsemamore.c:47:2: error: implicit declaration of function 'free' is invalid in C99 [-Werror,-Wimplicit-function-declaration]\n        free(s -> m);\n        ^\n1 warning and 1 error generated.\nmake: *** [.objs/semamore-release.o] Error 1\n", 
        "ptsEarned": 0.0, 
        "ptsPossible": 1.0, 
        "name": "test_semamore_wait_block", 
        "description": "Test that semamore wait blocks"
      }, 
      {
        "log": "Trying to compile your code...\nFAILED TO COMPILE!\nsemamore.c:37:26: warning: unused parameter 's' [-Wunused-parameter]\nvoid semm_post(Semamore *s) {\n                         ^\nsemamore.c:47:2: error: implicit declaration of function 'free' is invalid in C99 [-Werror,-Wimplicit-function-declaration]\n        free(s -> m);\n        ^\n1 warning and 1 error generated.\nmake: *** [.objs/semamore-release.o] Error 1\n", 
        "ptsEarned": 0.0, 
        "ptsPossible": 1.0, 
        "name": "test_semamore_post_simple", 
        "description": "Test semamore post"
      }, 
      {
        "log": "Trying to compile your code...\nFAILED TO COMPILE!\nsemamore.c:37:26: warning: unused parameter 's' [-Wunused-parameter]\nvoid semm_post(Semamore *s) {\n                         ^\nsemamore.c:47:2: error: implicit declaration of function 'free' is invalid in C99 [-Werror,-Wimplicit-function-declaration]\n        free(s -> m);\n        ^\n1 warning and 1 error generated.\nmake: *** [.objs/semamore-release.o] Error 1\n", 
        "ptsEarned": 0.0, 
        "ptsPossible": 1.0, 
        "name": "test_semamore_post_block", 
        "description": "Test that semamore post blocks"
      }, 
      {
        "log": "Trying to compile your code...\nSuccessfully compiled your code..\nFailed the test. Output was incorrect.\nFailed the test. Output was incorrect.\nFailed the test. Output was incorrect.\n\nPassed 0/3 trials.", 
        "ptsEarned": 0.0, 
        "ptsPossible": 1.0, 
        "name": "test_barrier_single", 
        "description": "Test on use of barrier."
      }, 
      {
        "log": "Trying to compile your code...\nSuccessfully compiled your code..\nFailed the test. Output was incorrect.\nFailed the test. Output was incorrect.\nFailed the test. Output was incorrect.\n\nPassed 0/3 trials.", 
        "ptsEarned": 0.0, 
        "ptsPossible": 1.0, 
        "name": "test_barrier_multiple", 
        "description": "Test for multiple uses of the barrier."
      }, 
      {
        "log": "Trying to compile your code...\nSuccessfully compiled your code..\n==14747== Memcheck, a memory error detector\n==14747== Copyright (C) 2002-2015, and GNU GPL'd, by Julian Seward et al.\n==14747== Using Valgrind-3.11.0 and LibVEX; rerun with -h for copyright info\n==14747== Command: ./barrier_tests 2 4\n==14747== \n==14747== \n==14747== HEAP SUMMARY:\n==14747==     in use at exit: 0 bytes in 0 blocks\n==14747==   total heap usage: 5 allocs, 5 frees, 5,184 bytes allocated\n==14747== \n==14747== All heap blocks were freed -- no leaks are possible\n==14747== \n==14747== For counts of detected and suppressed errors, rerun with: -v\n==14747== ERROR SUMMARY: 0 errors from 0 contexts (suppressed: 0 from 0)\n\nFailed the test. Output was incorrect.\n\nPassed 0/1 trials.", 
        "ptsEarned": 0.0, 
        "ptsPossible": 1.0, 
        "name": "test_barrier_mem", 
        "description": "Test for multiple uses of the barrier under valgrind."
      }
    ], 
    "checksum": "ef5f63dd92202a0814911c28873be36f7f9ff9a5  queue.c\n9503abb01b339476f20f3f6d264dbf3c27e779d3  semamore.c\n6bcb53e8714f5fb34fd8ada21a6217304fd82e5f  barrier.c", 
    "revision": "37589"
  }, 
  {
    "timestamp": "2016-10-01 22:00:00.698447", 
    "testcases": [
      {
        "ptsPossible": 1.0, 
        "ptsEarned": 0.0, 
        "description": "Test queue, queue size doesn't exceed max capacity", 
        "name": "test_queue_block_on_min", 
        "log": "Queue failed to block!"
      }, 
      {
        "ptsPossible": 1.0, 
        "ptsEarned": 0.0, 
        "description": "Test queue, queue size doesn't exceed max capacity", 
        "name": "test_queue_maxSize", 
        "log": "Queue failed to block!"
      }, 
      {
        "ptsPossible": 1.0, 
        "ptsEarned": 0.0, 
        "description": "Test queue, push and pull large amounts of data", 
        "name": "test_queue_generic_test", 
        "log": ""
      }, 
      {
        "ptsPossible": 1.0, 
        "ptsEarned": 0.0, 
        "description": "Queue stress test", 
        "name": "test_queue_stress", 
        "log": "Trying to compile your code...\nSuccessfully compiled your code..\nsum: 0\n\nsum: 0\n\nsum: 0\n\nYour code passed 0 out of 3 runs"
      }, 
      {
        "ptsPossible": 1.0, 
        "ptsEarned": 1.0, 
        "description": "Queue stress test", 
        "name": "test_queue_mem", 
        "log": "Trying to compile your code...\nSuccessfully compiled your code..\n==1433== Memcheck, a memory error detector\n==1433== Copyright (C) 2002-2015, and GNU GPL'd, by Julian Seward et al.\n==1433== Using Valgrind-3.11.0 and LibVEX; rerun with -h for copyright info\n==1433== Command: ./queue_tests 5\n==1433== \n==1433== \n==1433== HEAP SUMMARY:\n==1433==     in use at exit: 0 bytes in 0 blocks\n==1433==   total heap usage: 0 allocs, 0 frees, 0 bytes allocated\n==1433== \n==1433== All heap blocks were freed -- no leaks are possible\n==1433== \n==1433== For counts of detected and suppressed errors, rerun with: -v\n==1433== ERROR SUMMARY: 0 errors from 0 contexts (suppressed: 0 from 0)\n"
      }, 
      {
        "ptsPossible": 1.0, 
        "ptsEarned": 1.0, 
        "description": "Test that queue is not bounded", 
        "name": "test_queue_unboundedness", 
        "log": "Trying to compile your code...\nSuccessfully compiled your code.."
      }, 
      {
        "ptsPossible": 1.0, 
        "ptsEarned": 0.0, 
        "description": "Test semamore in rendezvous.c", 
        "name": "test_semamore", 
        "log": "Trying to compile your code...\nFAILED TO COMPILE!\nsemamore.c:37:26: warning: unused parameter 's' [-Wunused-parameter]\nvoid semm_post(Semamore *s) {\n                         ^\nsemamore.c:47:2: error: implicit declaration of function 'free' is invalid in C99 [-Werror,-Wimplicit-function-declaration]\n        free(s -> m);\n        ^\n1 warning and 1 error generated.\nmake: *** [.objs/semamore-release.o] Error 1\n"
      }, 
      {
        "ptsPossible": 1.0, 
        "ptsEarned": 0.0, 
        "description": "Test semamore init function", 
        "name": "test_semamore_init", 
        "log": "Trying to compile your code...\nFAILED TO COMPILE!\nsemamore_tests.c:68:14: warning: unused parameter 'argc' [-Wunused-parameter]\nint main(int argc, char **argv){\n             ^\n1 warning generated.\nsemamore.c:37:26: warning: unused parameter 's' [-Wunused-parameter]\nvoid semm_post(Semamore *s) {\n                         ^\nsemamore.c:47:2: error: implicit declaration of function 'free' is invalid in C99 [-Werror,-Wimplicit-function-declaration]\n        free(s -> m);\n        ^\n1 warning and 1 error generated.\nmake: *** [.objs/semamore-release.o] Error 1\n"
      }, 
      {
        "ptsPossible": 1.0, 
        "ptsEarned": 0.0, 
        "description": "Test semamore wait", 
        "name": "test_semamore_wait_simple", 
        "log": "Trying to compile your code...\nFAILED TO COMPILE!\nsemamore.c:37:26: warning: unused parameter 's' [-Wunused-parameter]\nvoid semm_post(Semamore *s) {\n                         ^\nsemamore.c:47:2: error: implicit declaration of function 'free' is invalid in C99 [-Werror,-Wimplicit-function-declaration]\n        free(s -> m);\n        ^\n1 warning and 1 error generated.\nmake: *** [.objs/semamore-release.o] Error 1\n"
      }, 
      {
        "ptsPossible": 1.0, 
        "ptsEarned": 0.0, 
        "description": "Test that semamore wait blocks", 
        "name": "test_semamore_wait_block", 
        "log": "Trying to compile your code...\nFAILED TO COMPILE!\nsemamore.c:37:26: warning: unused parameter 's' [-Wunused-parameter]\nvoid semm_post(Semamore *s) {\n                         ^\nsemamore.c:47:2: error: implicit declaration of function 'free' is invalid in C99 [-Werror,-Wimplicit-function-declaration]\n        free(s -> m);\n        ^\n1 warning and 1 error generated.\nmake: *** [.objs/semamore-release.o] Error 1\n"
      }, 
      {
        "ptsPossible": 1.0, 
        "ptsEarned": 0.0, 
        "description": "Test semamore post", 
        "name": "test_semamore_post_simple", 
        "log": "Trying to compile your code...\nFAILED TO COMPILE!\nsemamore.c:37:26: warning: unused parameter 's' [-Wunused-parameter]\nvoid semm_post(Semamore *s) {\n                         ^\nsemamore.c:47:2: error: implicit declaration of function 'free' is invalid in C99 [-Werror,-Wimplicit-function-declaration]\n        free(s -> m);\n        ^\n1 warning and 1 error generated.\nmake: *** [.objs/semamore-release.o] Error 1\n"
      }, 
      {
        "ptsPossible": 1.0, 
        "ptsEarned": 0.0, 
        "description": "Test that semamore post blocks", 
        "name": "test_semamore_post_block", 
        "log": "Trying to compile your code...\nFAILED TO COMPILE!\nsemamore.c:37:26: warning: unused parameter 's' [-Wunused-parameter]\nvoid semm_post(Semamore *s) {\n                         ^\nsemamore.c:47:2: error: implicit declaration of function 'free' is invalid in C99 [-Werror,-Wimplicit-function-declaration]\n        free(s -> m);\n        ^\n1 warning and 1 error generated.\nmake: *** [.objs/semamore-release.o] Error 1\n"
      }, 
      {
        "ptsPossible": 1.0, 
        "ptsEarned": 0.0, 
        "description": "Test on use of barrier.", 
        "name": "test_barrier_single", 
        "log": "Trying to compile your code...\nSuccessfully compiled your code..\nFailed the test. Output was incorrect.\nFailed the test. Output was incorrect.\nFailed the test. Output was incorrect.\n\nPassed 0/3 trials."
      }, 
      {
        "ptsPossible": 1.0, 
        "ptsEarned": 0.0, 
        "description": "Test for multiple uses of the barrier.", 
        "name": "test_barrier_multiple", 
        "log": "Trying to compile your code...\nSuccessfully compiled your code..\nFailed the test. Output was incorrect.\nFailed the test. Output was incorrect.\nFailed the test. Output was incorrect.\n\nPassed 0/3 trials."
      }, 
      {
        "ptsPossible": 1.0, 
        "ptsEarned": 0.0, 
        "description": "Test for multiple uses of the barrier under valgrind.", 
        "name": "test_barrier_mem", 
        "log": "Trying to compile your code...\nSuccessfully compiled your code..\n==1557== Memcheck, a memory error detector\n==1557== Copyright (C) 2002-2015, and GNU GPL'd, by Julian Seward et al.\n==1557== Using Valgrind-3.11.0 and LibVEX; rerun with -h for copyright info\n==1557== Command: ./barrier_tests 2 4\n==1557== \n==1557== \n==1557== HEAP SUMMARY:\n==1557==     in use at exit: 0 bytes in 0 blocks\n==1557==   total heap usage: 5 allocs, 5 frees, 5,184 bytes allocated\n==1557== \n==1557== All heap blocks were freed -- no leaks are possible\n==1557== \n==1557== For counts of detected and suppressed errors, rerun with: -v\n==1557== ERROR SUMMARY: 0 errors from 0 contexts (suppressed: 0 from 0)\n\nFailed the test. Output was incorrect.\n\nPassed 0/1 trials."
      }
    ], 
    "revision": "38391", 
    "checksum": "ef5f63dd92202a0814911c28873be36f7f9ff9a5  queue.c\n9503abb01b339476f20f3f6d264dbf3c27e779d3  semamore.c\n6bcb53e8714f5fb34fd8ada21a6217304fd82e5f  barrier.c"
  }, 
  {
    "timestamp": "2016-10-02 22:00:00.748311", 
    "testcases": [
      {
        "description": "Test queue, queue size doesn't exceed max capacity", 
        "ptsEarned": 0.0, 
        "log": "Queue failed to block!", 
        "name": "test_queue_block_on_min", 
        "ptsPossible": 1.0
      }, 
      {
        "description": "Test queue, queue size doesn't exceed max capacity", 
        "ptsEarned": 0.0, 
        "log": "Queue failed to block!", 
        "name": "test_queue_maxSize", 
        "ptsPossible": 1.0
      }, 
      {
        "description": "Test queue, push and pull large amounts of data", 
        "ptsEarned": 0.0, 
        "log": "", 
        "name": "test_queue_generic_test", 
        "ptsPossible": 1.0
      }, 
      {
        "description": "Queue stress test", 
        "ptsEarned": 0.0, 
        "log": "Trying to compile your code...\nSuccessfully compiled your code..\nsum: 0\n\nsum: 0\n\nsum: 0\n\nYour code passed 0 out of 3 runs", 
        "name": "test_queue_stress", 
        "ptsPossible": 1.0
      }, 
      {
        "description": "Queue stress test", 
        "ptsEarned": 1.0, 
        "log": "Trying to compile your code...\nSuccessfully compiled your code..\n==20694== Memcheck, a memory error detector\n==20694== Copyright (C) 2002-2015, and GNU GPL'd, by Julian Seward et al.\n==20694== Using Valgrind-3.11.0 and LibVEX; rerun with -h for copyright info\n==20694== Command: ./queue_tests 5\n==20694== \n==20694== \n==20694== HEAP SUMMARY:\n==20694==     in use at exit: 0 bytes in 0 blocks\n==20694==   total heap usage: 0 allocs, 0 frees, 0 bytes allocated\n==20694== \n==20694== All heap blocks were freed -- no leaks are possible\n==20694== \n==20694== For counts of detected and suppressed errors, rerun with: -v\n==20694== ERROR SUMMARY: 0 errors from 0 contexts (suppressed: 0 from 0)\n", 
        "name": "test_queue_mem", 
        "ptsPossible": 1.0
      }, 
      {
        "description": "Test that queue is not bounded", 
        "ptsEarned": 1.0, 
        "log": "Trying to compile your code...\nSuccessfully compiled your code..", 
        "name": "test_queue_unboundedness", 
        "ptsPossible": 1.0
      }, 
      {
        "description": "Test semamore in rendezvous.c", 
        "ptsEarned": 0.0, 
        "log": "Trying to compile your code...\nFAILED TO COMPILE!\nsemamore.c:37:26: warning: unused parameter 's' [-Wunused-parameter]\nvoid semm_post(Semamore *s) {\n                         ^\nsemamore.c:47:2: error: implicit declaration of function 'free' is invalid in C99 [-Werror,-Wimplicit-function-declaration]\n        free(s -> m);\n        ^\n1 warning and 1 error generated.\nmake: *** [.objs/semamore-release.o] Error 1\n", 
        "name": "test_semamore", 
        "ptsPossible": 1.0
      }, 
      {
        "description": "Test semamore init function", 
        "ptsEarned": 0.0, 
        "log": "Trying to compile your code...\nFAILED TO COMPILE!\nsemamore_tests.c:68:14: warning: unused parameter 'argc' [-Wunused-parameter]\nint main(int argc, char **argv){\n             ^\n1 warning generated.\nsemamore.c:37:26: warning: unused parameter 's' [-Wunused-parameter]\nvoid semm_post(Semamore *s) {\n                         ^\nsemamore.c:47:2: error: implicit declaration of function 'free' is invalid in C99 [-Werror,-Wimplicit-function-declaration]\n        free(s -> m);\n        ^\n1 warning and 1 error generated.\nmake: *** [.objs/semamore-release.o] Error 1\n", 
        "name": "test_semamore_init", 
        "ptsPossible": 1.0
      }, 
      {
        "description": "Test semamore wait", 
        "ptsEarned": 0.0, 
        "log": "Trying to compile your code...\nFAILED TO COMPILE!\nsemamore.c:37:26: warning: unused parameter 's' [-Wunused-parameter]\nvoid semm_post(Semamore *s) {\n                         ^\nsemamore.c:47:2: error: implicit declaration of function 'free' is invalid in C99 [-Werror,-Wimplicit-function-declaration]\n        free(s -> m);\n        ^\n1 warning and 1 error generated.\nmake: *** [.objs/semamore-release.o] Error 1\n", 
        "name": "test_semamore_wait_simple", 
        "ptsPossible": 1.0
      }, 
      {
        "description": "Test that semamore wait blocks", 
        "ptsEarned": 0.0, 
        "log": "Trying to compile your code...\nFAILED TO COMPILE!\nsemamore.c:37:26: warning: unused parameter 's' [-Wunused-parameter]\nvoid semm_post(Semamore *s) {\n                         ^\nsemamore.c:47:2: error: implicit declaration of function 'free' is invalid in C99 [-Werror,-Wimplicit-function-declaration]\n        free(s -> m);\n        ^\n1 warning and 1 error generated.\nmake: *** [.objs/semamore-release.o] Error 1\n", 
        "name": "test_semamore_wait_block", 
        "ptsPossible": 1.0
      }, 
      {
        "description": "Test semamore post", 
        "ptsEarned": 0.0, 
        "log": "Trying to compile your code...\nFAILED TO COMPILE!\nsemamore.c:37:26: warning: unused parameter 's' [-Wunused-parameter]\nvoid semm_post(Semamore *s) {\n                         ^\nsemamore.c:47:2: error: implicit declaration of function 'free' is invalid in C99 [-Werror,-Wimplicit-function-declaration]\n        free(s -> m);\n        ^\n1 warning and 1 error generated.\nmake: *** [.objs/semamore-release.o] Error 1\n", 
        "name": "test_semamore_post_simple", 
        "ptsPossible": 1.0
      }, 
      {
        "description": "Test that semamore post blocks", 
        "ptsEarned": 0.0, 
        "log": "Trying to compile your code...\nFAILED TO COMPILE!\nsemamore.c:37:26: warning: unused parameter 's' [-Wunused-parameter]\nvoid semm_post(Semamore *s) {\n                         ^\nsemamore.c:47:2: error: implicit declaration of function 'free' is invalid in C99 [-Werror,-Wimplicit-function-declaration]\n        free(s -> m);\n        ^\n1 warning and 1 error generated.\nmake: *** [.objs/semamore-release.o] Error 1\n", 
        "name": "test_semamore_post_block", 
        "ptsPossible": 1.0
      }, 
      {
        "description": "Test on use of barrier.", 
        "ptsEarned": 0.0, 
        "log": "Trying to compile your code...\nSuccessfully compiled your code..\nFailed the test. Output was incorrect.\nFailed the test. Output was incorrect.\nFailed the test. Output was incorrect.\n\nPassed 0/3 trials.", 
        "name": "test_barrier_single", 
        "ptsPossible": 1.0
      }, 
      {
        "description": "Test for multiple uses of the barrier.", 
        "ptsEarned": 0.0, 
        "log": "Trying to compile your code...\nSuccessfully compiled your code..\nFailed the test. Output was incorrect.\nFailed the test. Output was incorrect.\nFailed the test. Output was incorrect.\n\nPassed 0/3 trials.", 
        "name": "test_barrier_multiple", 
        "ptsPossible": 1.0
      }, 
      {
        "description": "Test for multiple uses of the barrier under valgrind.", 
        "ptsEarned": 0.0, 
        "log": "Trying to compile your code...\nSuccessfully compiled your code..\n==20818== Memcheck, a memory error detector\n==20818== Copyright (C) 2002-2015, and GNU GPL'd, by Julian Seward et al.\n==20818== Using Valgrind-3.11.0 and LibVEX; rerun with -h for copyright info\n==20818== Command: ./barrier_tests 2 4\n==20818== \n==20818== \n==20818== HEAP SUMMARY:\n==20818==     in use at exit: 0 bytes in 0 blocks\n==20818==   total heap usage: 5 allocs, 5 frees, 5,184 bytes allocated\n==20818== \n==20818== All heap blocks were freed -- no leaks are possible\n==20818== \n==20818== For counts of detected and suppressed errors, rerun with: -v\n==20818== ERROR SUMMARY: 0 errors from 0 contexts (suppressed: 0 from 0)\n\nFailed the test. Output was incorrect.\n\nPassed 0/1 trials.", 
        "name": "test_barrier_mem", 
        "ptsPossible": 1.0
      }
    ], 
    "checksum": "ef5f63dd92202a0814911c28873be36f7f9ff9a5  queue.c\n9503abb01b339476f20f3f6d264dbf3c27e779d3  semamore.c\n6bcb53e8714f5fb34fd8ada21a6217304fd82e5f  barrier.c", 
    "revision": "39221"
  }, 
  {
    "timestamp": "2016-10-03 22:00:00.712509", 
    "testcases": [
      {
        "log": "Trying to compile your code...\nSuccessfully compiled your code..", 
        "ptsEarned": 1.0, 
        "ptsPossible": 1.0, 
        "name": "test_queue_block_on_min", 
        "description": "Test queue, queue size doesn't exceed max capacity"
      }, 
      {
        "log": "Queue failed to block!", 
        "ptsEarned": 0.0, 
        "ptsPossible": 1.0, 
        "name": "test_queue_maxSize", 
        "description": "Test queue, queue size doesn't exceed max capacity"
      }, 
      {
        "log": "Timed Out!", 
        "ptsEarned": 0.0, 
        "ptsPossible": 1.0, 
        "name": "test_queue_generic_test", 
        "description": "Test queue, push and pull large amounts of data"
      }, 
      {
        "log": "Trying to compile your code...\nSuccessfully compiled your code..\nTimed Out!\nTimed Out!\nTimed Out!\nYour code passed 0 out of 3 runs", 
        "ptsEarned": 0.0, 
        "ptsPossible": 1.0, 
        "name": "test_queue_stress", 
        "description": "Queue stress test"
      }, 
      {
        "log": "Timed Out!", 
        "ptsEarned": 0.0, 
        "ptsPossible": 1.0, 
        "name": "test_queue_mem", 
        "description": "Queue stress test"
      }, 
      {
        "log": "Trying to compile your code...\nSuccessfully compiled your code..", 
        "ptsEarned": 1.0, 
        "ptsPossible": 1.0, 
        "name": "test_queue_unboundedness", 
        "description": "Test that queue is not bounded"
      }, 
      {
        "log": "Test Failed", 
        "ptsEarned": 0.0, 
        "ptsPossible": 1.0, 
        "name": "test_semamore", 
        "description": "Test semamore in rendezvous.c"
      }, 
      {
        "log": "Trying to compile your code...\nSuccessfully compiled your code..", 
        "ptsEarned": 1.0, 
        "ptsPossible": 1.0, 
        "name": "test_semamore_init", 
        "description": "Test semamore init function"
      }, 
      {
        "log": "Test Failed", 
        "ptsEarned": 0.0, 
        "ptsPossible": 1.0, 
        "name": "test_semamore_wait_simple", 
        "description": "Test semamore wait"
      }, 
      {
        "log": "Test Failed", 
        "ptsEarned": 0.0, 
        "ptsPossible": 1.0, 
        "name": "test_semamore_wait_block", 
        "description": "Test that semamore wait blocks"
      }, 
      {
        "log": "Test Failed", 
        "ptsEarned": 0.0, 
        "ptsPossible": 1.0, 
        "name": "test_semamore_post_simple", 
        "description": "Test semamore post"
      }, 
      {
        "log": "Test Failed", 
        "ptsEarned": 0.0, 
        "ptsPossible": 1.0, 
        "name": "test_semamore_post_block", 
        "description": "Test that semamore post blocks"
      }, 
      {
        "log": "Trying to compile your code...\nSuccessfully compiled your code..\nFailed the test. Output was incorrect.\nFailed the test. Output was incorrect.\nFailed the test. Output was incorrect.\n\nPassed 0/3 trials.", 
        "ptsEarned": 0.0, 
        "ptsPossible": 1.0, 
        "name": "test_barrier_single", 
        "description": "Test on use of barrier."
      }, 
      {
        "log": "Trying to compile your code...\nSuccessfully compiled your code..\nFailed the test. Output was incorrect.\nFailed the test. Output was incorrect.\nFailed the test. Output was incorrect.\n\nPassed 0/3 trials.", 
        "ptsEarned": 0.0, 
        "ptsPossible": 1.0, 
        "name": "test_barrier_multiple", 
        "description": "Test for multiple uses of the barrier."
      }, 
      {
        "log": "Trying to compile your code...\nSuccessfully compiled your code..\n==7469== Memcheck, a memory error detector\n==7469== Copyright (C) 2002-2015, and GNU GPL'd, by Julian Seward et al.\n==7469== Using Valgrind-3.11.0 and LibVEX; rerun with -h for copyright info\n==7469== Command: ./barrier_tests 2 4\n==7469== \n==7469== \n==7469== HEAP SUMMARY:\n==7469==     in use at exit: 0 bytes in 0 blocks\n==7469==   total heap usage: 5 allocs, 5 frees, 5,184 bytes allocated\n==7469== \n==7469== All heap blocks were freed -- no leaks are possible\n==7469== \n==7469== For counts of detected and suppressed errors, rerun with: -v\n==7469== ERROR SUMMARY: 0 errors from 0 contexts (suppressed: 0 from 0)\n\nFailed the test. Output was incorrect.\n\nPassed 0/1 trials.", 
        "ptsEarned": 0.0, 
        "ptsPossible": 1.0, 
        "name": "test_barrier_mem", 
        "description": "Test for multiple uses of the barrier under valgrind."
      }
    ], 
    "revision": "41222", 
    "checksum": "5ccf9dd790165f098d44c9a4ef180bf9599be716  queue.c\n761040a64d2eb163296344f268a0b237e251ae99  semamore.c\n6bcb53e8714f5fb34fd8ada21a6217304fd82e5f  barrier.c"
  }, 
  {
    "timestamp": "2016-10-04 22:00:00.722538", 
    "testcases": [
      {
        "ptsPossible": 1.0, 
        "ptsEarned": 1.0, 
        "description": "Test queue, queue size doesn't exceed max capacity", 
        "name": "test_queue_block_on_min", 
        "log": "Trying to compile your code...\nSuccessfully compiled your code.."
      }, 
      {
        "ptsPossible": 1.0, 
        "ptsEarned": 0.0, 
        "description": "Test queue, queue size doesn't exceed max capacity", 
        "name": "test_queue_maxSize", 
        "log": "Queue failed to block!"
      }, 
      {
        "ptsPossible": 1.0, 
        "ptsEarned": 0.0, 
        "description": "Test queue, push and pull large amounts of data", 
        "name": "test_queue_generic_test", 
        "log": "Timed Out!"
      }, 
      {
        "ptsPossible": 1.0, 
        "ptsEarned": 0.0, 
        "description": "Queue stress test", 
        "name": "test_queue_stress", 
        "log": "Trying to compile your code...\nSuccessfully compiled your code..\n\nTimed Out!\nTimed Out!\nYour code passed 0 out of 3 runs"
      }, 
      {
        "ptsPossible": 1.0, 
        "ptsEarned": 0.0, 
        "description": "Queue stress test", 
        "name": "test_queue_mem", 
        "log": "Trying to compile your code...\nSuccessfully compiled your code..\n==26495== Memcheck, a memory error detector\n==26495== Copyright (C) 2002-2015, and GNU GPL'd, by Julian Seward et al.\n==26495== Using Valgrind-3.11.0 and LibVEX; rerun with -h for copyright info\n==26495== Command: ./queue_tests 5\n==26495== \n==26495== \n==26495== Process terminating with default action of signal 11 (SIGSEGV)\n==26495==  General Protection Fault\n==26495==    at 0x5054963: __lll_unlock_elision (elision-unlock.c:33)\n==26495==    by 0x504F317: pthread_cond_wait@@GLIBC_2.3.2 (pthread_cond_wait.S:94)\n==26495==    by 0x40197A: queue_pull (queue.c:54)\n==26495==    by 0x401700: test_queue_mem (queue_tests.c:204)\n==26495==    by 0x4018C3: main (queue_tests.c:243)\n==26495== \n==26495== HEAP SUMMARY:\n==26495==     in use at exit: 592 bytes in 11 blocks\n==26495==   total heap usage: 11 allocs, 0 frees, 592 bytes allocated\n==26495== \n==26495== 144 (16 direct, 128 indirect) bytes in 1 blocks are definitely lost in loss record 10 of 11\n==26495==    at 0x4C2DB8F: malloc (in /usr/lib/valgrind/vgpreload_memcheck-amd64-linux.so)\n==26495==    by 0x401910: queue_push (queue.c:37)\n==26495==    by 0x401683: test_queue_mem (queue_tests.c:200)\n==26495==    by 0x4018C3: main (queue_tests.c:243)\n==26495== \n==26495== LEAK SUMMARY:\n==26495==    definitely lost: 16 bytes in 1 blocks\n==26495==    indirectly lost: 128 bytes in 8 blocks\n==26495==      possibly lost: 0 bytes in 0 blocks\n==26495==    still reachable: 448 bytes in 2 blocks\n==26495==         suppressed: 0 bytes in 0 blocks\n==26495== Reachable blocks (those to which a pointer was found) are not shown.\n==26495== To see them, rerun with: --leak-check=full --show-leak-kinds=all\n==26495== \n==26495== For counts of detected and suppressed errors, rerun with: -v\n==26495== ERROR SUMMARY: 1 errors from 1 contexts (suppressed: 0 from 0)\n"
      }, 
      {
        "ptsPossible": 1.0, 
        "ptsEarned": 1.0, 
        "description": "Test that queue is not bounded", 
        "name": "test_queue_unboundedness", 
        "log": "Trying to compile your code...\nSuccessfully compiled your code.."
      }, 
      {
        "ptsPossible": 1.0, 
        "ptsEarned": 0.0, 
        "description": "Test semamore in rendezvous.c", 
        "name": "test_semamore", 
        "log": "Test Failed"
      }, 
      {
        "ptsPossible": 1.0, 
        "ptsEarned": 1.0, 
        "description": "Test semamore init function", 
        "name": "test_semamore_init", 
        "log": "Trying to compile your code...\nSuccessfully compiled your code.."
      }, 
      {
        "ptsPossible": 1.0, 
        "ptsEarned": 0.0, 
        "description": "Test semamore wait", 
        "name": "test_semamore_wait_simple", 
        "log": "Test Failed"
      }, 
      {
        "ptsPossible": 1.0, 
        "ptsEarned": 0.0, 
        "description": "Test that semamore wait blocks", 
        "name": "test_semamore_wait_block", 
        "log": "Test Failed"
      }, 
      {
        "ptsPossible": 1.0, 
        "ptsEarned": 0.0, 
        "description": "Test semamore post", 
        "name": "test_semamore_post_simple", 
        "log": "Test Failed"
      }, 
      {
        "ptsPossible": 1.0, 
        "ptsEarned": 0.0, 
        "description": "Test that semamore post blocks", 
        "name": "test_semamore_post_block", 
        "log": "Test Failed"
      }, 
      {
        "ptsPossible": 1.0, 
        "ptsEarned": 0.0, 
        "description": "Test on use of barrier.", 
        "name": "test_barrier_single", 
        "log": "Trying to compile your code...\nSuccessfully compiled your code..\nFailed the test. Output was incorrect.\nFailed the test. Output was incorrect.\nFailed the test. Output was incorrect.\n\nPassed 0/3 trials."
      }, 
      {
        "ptsPossible": 1.0, 
        "ptsEarned": 0.0, 
        "description": "Test for multiple uses of the barrier.", 
        "name": "test_barrier_multiple", 
        "log": "Trying to compile your code...\nSuccessfully compiled your code..\nFailed the test. Output was incorrect.\nFailed the test. Output was incorrect.\nFailed the test. Output was incorrect.\n\nPassed 0/3 trials."
      }, 
      {
        "ptsPossible": 1.0, 
        "ptsEarned": 0.0, 
        "description": "Test for multiple uses of the barrier under valgrind.", 
        "name": "test_barrier_mem", 
        "log": "Trying to compile your code...\nSuccessfully compiled your code..\n==26627== Memcheck, a memory error detector\n==26627== Copyright (C) 2002-2015, and GNU GPL'd, by Julian Seward et al.\n==26627== Using Valgrind-3.11.0 and LibVEX; rerun with -h for copyright info\n==26627== Command: ./barrier_tests 2 4\n==26627== \n==26627== \n==26627== HEAP SUMMARY:\n==26627==     in use at exit: 0 bytes in 0 blocks\n==26627==   total heap usage: 5 allocs, 5 frees, 5,184 bytes allocated\n==26627== \n==26627== All heap blocks were freed -- no leaks are possible\n==26627== \n==26627== For counts of detected and suppressed errors, rerun with: -v\n==26627== ERROR SUMMARY: 0 errors from 0 contexts (suppressed: 0 from 0)\n\nFailed the test. Output was incorrect.\n\nPassed 0/1 trials."
      }
    ], 
    "checksum": "9ddf594c0d64d569758d2205e14cbc1feb991fff  queue.c\n3b9a20b3a55aee5d93b826f942991d04b18b2053  semamore.c\nff26dacd14adda5c4c31e4c07d475d41858a7119  barrier.c", 
    "revision": "42594"
  }, 
  {
    "timestamp": "2016-10-05 12:00:00.687175", 
    "testcases": [
      {
        "description": "Test queue, queue size doesn't exceed max capacity", 
        "ptsEarned": 0.0, 
        "log": "Queue failed to block!", 
        "name": "test_queue_block_on_min", 
        "ptsPossible": 1.0
      }, 
      {
        "description": "Test queue, queue size doesn't exceed max capacity", 
        "ptsEarned": 1.0, 
        "log": "Trying to compile your code...\nSuccessfully compiled your code..", 
        "name": "test_queue_maxSize", 
        "ptsPossible": 1.0
      }, 
      {
        "description": "Test queue, push and pull large amounts of data", 
        "ptsEarned": 1.0, 
        "log": "Trying to compile your code...\nSuccessfully compiled your code..", 
        "name": "test_queue_generic_test", 
        "ptsPossible": 1.0
      }, 
      {
        "description": "Queue stress test", 
        "ptsEarned": 0.0, 
        "log": "Trying to compile your code...\nSuccessfully compiled your code..\n\n\n\nYour code passed 0 out of 3 runs", 
        "name": "test_queue_stress", 
        "ptsPossible": 1.0
      }, 
      {
        "description": "Queue stress test", 
        "ptsEarned": 0.0, 
        "log": "Trying to compile your code...\nSuccessfully compiled your code..\n==13119== Memcheck, a memory error detector\n==13119== Copyright (C) 2002-2015, and GNU GPL'd, by Julian Seward et al.\n==13119== Using Valgrind-3.11.0 and LibVEX; rerun with -h for copyright info\n==13119== Command: ./queue_tests 5\n==13119== \n==13119== Invalid free() / delete / delete[] / realloc()\n==13119==    at 0x4C2EDEB: free (in /usr/lib/valgrind/vgpreload_memcheck-amd64-linux.so)\n==13119==    by 0x401B3E: queue_destroy (queue.c:94)\n==13119==    by 0x4017D8: test_queue_mem (queue_tests.c:206)\n==13119==    by 0x401973: main (queue_tests.c:243)\n==13119==  Address 0x6030f4 is 20 bytes inside data symbol \"integers\"\n==13119== \n==13119== \n==13119== HEAP SUMMARY:\n==13119==     in use at exit: 0 bytes in 0 blocks\n==13119==   total heap usage: 11 allocs, 16 frees, 592 bytes allocated\n==13119== \n==13119== All heap blocks were freed -- no leaks are possible\n==13119== \n==13119== For counts of detected and suppressed errors, rerun with: -v\n==13119== ERROR SUMMARY: 5 errors from 1 contexts (suppressed: 0 from 0)\n", 
        "name": "test_queue_mem", 
        "ptsPossible": 1.0
      }, 
      {
        "description": "Test that queue is not bounded", 
        "ptsEarned": 0.0, 
        "log": "Timed Out!", 
        "name": "test_queue_unboundedness", 
        "ptsPossible": 1.0
      }, 
      {
        "description": "Test semamore in rendezvous.c", 
        "ptsEarned": 1.0, 
        "log": "Trying to compile your code...\nSuccessfully compiled your code..", 
        "name": "test_semamore", 
        "ptsPossible": 1.0
      }, 
      {
        "description": "Test semamore init function", 
        "ptsEarned": 1.0, 
        "log": "Trying to compile your code...\nSuccessfully compiled your code..", 
        "name": "test_semamore_init", 
        "ptsPossible": 1.0
      }, 
      {
        "description": "Test semamore wait", 
        "ptsEarned": 1.0, 
        "log": "Trying to compile your code...\nSuccessfully compiled your code..", 
        "name": "test_semamore_wait_simple", 
        "ptsPossible": 1.0
      }, 
      {
        "description": "Test that semamore wait blocks", 
        "ptsEarned": 1.0, 
        "log": "Trying to compile your code...\nSuccessfully compiled your code..", 
        "name": "test_semamore_wait_block", 
        "ptsPossible": 1.0
      }, 
      {
        "description": "Test semamore post", 
        "ptsEarned": 1.0, 
        "log": "Trying to compile your code...\nSuccessfully compiled your code..", 
        "name": "test_semamore_post_simple", 
        "ptsPossible": 1.0
      }, 
      {
        "description": "Test that semamore post blocks", 
        "ptsEarned": 1.0, 
        "log": "Trying to compile your code...\nSuccessfully compiled your code..", 
        "name": "test_semamore_post_block", 
        "ptsPossible": 1.0
      }, 
      {
        "description": "Test on use of barrier.", 
        "ptsEarned": 1.0, 
        "log": "Trying to compile your code...\nSuccessfully compiled your code..", 
        "name": "test_barrier_single", 
        "ptsPossible": 1.0
      }, 
      {
        "description": "Test for multiple uses of the barrier.", 
        "ptsEarned": 1.0, 
        "log": "Trying to compile your code...\nSuccessfully compiled your code..", 
        "name": "test_barrier_multiple", 
        "ptsPossible": 1.0
      }, 
      {
        "description": "Test for multiple uses of the barrier under valgrind.", 
        "ptsEarned": 1.0, 
        "log": "Trying to compile your code...\nSuccessfully compiled your code..\n==13251== Memcheck, a memory error detector\n==13251== Copyright (C) 2002-2015, and GNU GPL'd, by Julian Seward et al.\n==13251== Using Valgrind-3.11.0 and LibVEX; rerun with -h for copyright info\n==13251== Command: ./barrier_tests 2 4\n==13251== \n==13251== \n==13251== HEAP SUMMARY:\n==13251==     in use at exit: 0 bytes in 0 blocks\n==13251==   total heap usage: 5 allocs, 5 frees, 5,184 bytes allocated\n==13251== \n==13251== All heap blocks were freed -- no leaks are possible\n==13251== \n==13251== For counts of detected and suppressed errors, rerun with: -v\n==13251== ERROR SUMMARY: 0 errors from 0 contexts (suppressed: 0 from 0)\n", 
        "name": "test_barrier_mem", 
        "ptsPossible": 1.0
      }
    ], 
    "revision": "43065", 
    "checksum": "c3bfe8866f1293045c3a02d2f4e267230c5c40b3  queue.c\nbd89fed6ff50de4c2d259b2302513bccde9905bf  semamore.c\n1462397e3bc8977231d8b9678edf7bee003afbd0  barrier.c"
  }, 
  {
    "timestamp": "2016-10-06 00:00:00.682464", 
    "testcases": [
      {
        "log": "Queue failed to block!", 
        "ptsPossible": 1.0, 
        "ptsEarned": 0.0, 
        "name": "test_queue_block_on_min", 
        "description": "Test queue, queue size doesn't exceed max capacity"
      }, 
      {
        "log": "Trying to compile your code...\nSuccessfully compiled your code..", 
        "ptsPossible": 1.0, 
        "ptsEarned": 1.0, 
        "name": "test_queue_maxSize", 
        "description": "Test queue, queue size doesn't exceed max capacity"
      }, 
      {
        "log": "Trying to compile your code...\nSuccessfully compiled your code..", 
        "ptsPossible": 1.0, 
        "ptsEarned": 1.0, 
        "name": "test_queue_generic_test", 
        "description": "Test queue, push and pull large amounts of data"
      }, 
      {
        "log": "Trying to compile your code...\nSuccessfully compiled your code..\n\n\n\nYour code passed 0 out of 3 runs", 
        "ptsPossible": 1.0, 
        "ptsEarned": 0.0, 
        "name": "test_queue_stress", 
        "description": "Queue stress test"
      }, 
      {
        "log": "Trying to compile your code...\nSuccessfully compiled your code..\n==31404== Memcheck, a memory error detector\n==31404== Copyright (C) 2002-2015, and GNU GPL'd, by Julian Seward et al.\n==31404== Using Valgrind-3.11.0 and LibVEX; rerun with -h for copyright info\n==31404== Command: ./queue_tests 5\n==31404== \n==31404== \n==31404== HEAP SUMMARY:\n==31404==     in use at exit: 0 bytes in 0 blocks\n==31404==   total heap usage: 11 allocs, 11 frees, 272 bytes allocated\n==31404== \n==31404== All heap blocks were freed -- no leaks are possible\n==31404== \n==31404== For counts of detected and suppressed errors, rerun with: -v\n==31404== ERROR SUMMARY: 0 errors from 0 contexts (suppressed: 0 from 0)\n", 
        "ptsPossible": 1.0, 
        "ptsEarned": 1.0, 
        "name": "test_queue_mem", 
        "description": "Queue stress test"
      }, 
      {
        "log": "Timed Out!", 
        "ptsPossible": 1.0, 
        "ptsEarned": 0.0, 
        "name": "test_queue_unboundedness", 
        "description": "Test that queue is not bounded"
      }, 
      {
        "log": "Trying to compile your code...\nSuccessfully compiled your code..", 
        "ptsPossible": 1.0, 
        "ptsEarned": 1.0, 
        "name": "test_semamore", 
        "description": "Test semamore in rendezvous.c"
      }, 
      {
        "log": "Trying to compile your code...\nSuccessfully compiled your code..", 
        "ptsPossible": 1.0, 
        "ptsEarned": 1.0, 
        "name": "test_semamore_init", 
        "description": "Test semamore init function"
      }, 
      {
        "log": "Trying to compile your code...\nSuccessfully compiled your code..", 
        "ptsPossible": 1.0, 
        "ptsEarned": 1.0, 
        "name": "test_semamore_wait_simple", 
        "description": "Test semamore wait"
      }, 
      {
        "log": "Trying to compile your code...\nSuccessfully compiled your code..", 
        "ptsPossible": 1.0, 
        "ptsEarned": 1.0, 
        "name": "test_semamore_wait_block", 
        "description": "Test that semamore wait blocks"
      }, 
      {
        "log": "Trying to compile your code...\nSuccessfully compiled your code..", 
        "ptsPossible": 1.0, 
        "ptsEarned": 1.0, 
        "name": "test_semamore_post_simple", 
        "description": "Test semamore post"
      }, 
      {
        "log": "Trying to compile your code...\nSuccessfully compiled your code..", 
        "ptsPossible": 1.0, 
        "ptsEarned": 1.0, 
        "name": "test_semamore_post_block", 
        "description": "Test that semamore post blocks"
      }, 
      {
        "log": "Trying to compile your code...\nSuccessfully compiled your code..", 
        "ptsPossible": 1.0, 
        "ptsEarned": 1.0, 
        "name": "test_barrier_single", 
        "description": "Test on use of barrier."
      }, 
      {
        "log": "Trying to compile your code...\nSuccessfully compiled your code..", 
        "ptsPossible": 1.0, 
        "ptsEarned": 1.0, 
        "name": "test_barrier_multiple", 
        "description": "Test for multiple uses of the barrier."
      }, 
      {
        "log": "Trying to compile your code...\nSuccessfully compiled your code..\n==31536== Memcheck, a memory error detector\n==31536== Copyright (C) 2002-2015, and GNU GPL'd, by Julian Seward et al.\n==31536== Using Valgrind-3.11.0 and LibVEX; rerun with -h for copyright info\n==31536== Command: ./barrier_tests 2 4\n==31536== \n==31536== \n==31536== HEAP SUMMARY:\n==31536==     in use at exit: 0 bytes in 0 blocks\n==31536==   total heap usage: 5 allocs, 5 frees, 5,184 bytes allocated\n==31536== \n==31536== All heap blocks were freed -- no leaks are possible\n==31536== \n==31536== For counts of detected and suppressed errors, rerun with: -v\n==31536== ERROR SUMMARY: 0 errors from 0 contexts (suppressed: 0 from 0)\n", 
        "ptsPossible": 1.0, 
        "ptsEarned": 1.0, 
        "name": "test_barrier_mem", 
        "description": "Test for multiple uses of the barrier under valgrind."
      }
    ], 
    "checksum": "79973e45720ae97c5e4f8d67a6baca27c7a3dc12  queue.c\nbd89fed6ff50de4c2d259b2302513bccde9905bf  semamore.c\n1462397e3bc8977231d8b9678edf7bee003afbd0  barrier.c", 
    "revision": "44380"
  }
]