[
  {
    "timestamp": "2016-09-30 10:38:00.621014", 
    "testcases": [
      {
        "description": "Test queue, queue size doesn't exceed max capacity", 
        "ptsEarned": 0.0, 
        "log": "Queue failed to block!", 
        "name": "test_queue_block_on_min", 
        "ptsPossible": 1.0
      }, 
      {
        "description": "Test queue, queue size doesn't exceed max capacity", 
        "ptsEarned": 0.0, 
        "log": "Queue failed to block!", 
        "name": "test_queue_maxSize", 
        "ptsPossible": 1.0
      }, 
      {
        "description": "Test queue, push and pull large amounts of data", 
        "ptsEarned": 0.0, 
        "log": "", 
        "name": "test_queue_generic_test", 
        "ptsPossible": 1.0
      }, 
      {
        "description": "Queue stress test", 
        "ptsEarned": 0.0, 
        "log": "Trying to compile your code...\nSuccessfully compiled your code..\nsum: 0\n\nsum: 0\n\nsum: 0\n\nYour code passed 0 out of 3 runs", 
        "name": "test_queue_stress", 
        "ptsPossible": 1.0
      }, 
      {
        "description": "Queue stress test", 
        "ptsEarned": 1.0, 
        "log": "Trying to compile your code...\nSuccessfully compiled your code..\n==27899== Memcheck, a memory error detector\n==27899== Copyright (C) 2002-2015, and GNU GPL'd, by Julian Seward et al.\n==27899== Using Valgrind-3.11.0 and LibVEX; rerun with -h for copyright info\n==27899== Command: ./queue_tests 5\n==27899== \n==27899== \n==27899== HEAP SUMMARY:\n==27899==     in use at exit: 0 bytes in 0 blocks\n==27899==   total heap usage: 0 allocs, 0 frees, 0 bytes allocated\n==27899== \n==27899== All heap blocks were freed -- no leaks are possible\n==27899== \n==27899== For counts of detected and suppressed errors, rerun with: -v\n==27899== ERROR SUMMARY: 0 errors from 0 contexts (suppressed: 0 from 0)\n", 
        "name": "test_queue_mem", 
        "ptsPossible": 1.0
      }, 
      {
        "description": "Test that queue is not bounded", 
        "ptsEarned": 1.0, 
        "log": "Trying to compile your code...\nSuccessfully compiled your code..", 
        "name": "test_queue_unboundedness", 
        "ptsPossible": 1.0
      }, 
      {
        "description": "Test semamore in rendezvous.c", 
        "ptsEarned": 0.0, 
        "log": "Test Failed", 
        "name": "test_semamore", 
        "ptsPossible": 1.0
      }, 
      {
        "description": "Test semamore init function", 
        "ptsEarned": 0.0, 
        "log": "Test Failed", 
        "name": "test_semamore_init", 
        "ptsPossible": 1.0
      }, 
      {
        "description": "Test semamore wait", 
        "ptsEarned": 0.0, 
        "log": "Test Failed", 
        "name": "test_semamore_wait_simple", 
        "ptsPossible": 1.0
      }, 
      {
        "description": "Test that semamore wait blocks", 
        "ptsEarned": 0.0, 
        "log": "Test Failed", 
        "name": "test_semamore_wait_block", 
        "ptsPossible": 1.0
      }, 
      {
        "description": "Test semamore post", 
        "ptsEarned": 0.0, 
        "log": "Test Failed", 
        "name": "test_semamore_post_simple", 
        "ptsPossible": 1.0
      }, 
      {
        "description": "Test that semamore post blocks", 
        "ptsEarned": 0.0, 
        "log": "Test Failed", 
        "name": "test_semamore_post_block", 
        "ptsPossible": 1.0
      }, 
      {
        "description": "Test on use of barrier.", 
        "ptsEarned": 0.0, 
        "log": "Trying to compile your code...\nSuccessfully compiled your code..\nFailed the test. Output was incorrect.\nFailed the test. Output was incorrect.\nFailed the test. Output was incorrect.\n\nPassed 0/3 trials.", 
        "name": "test_barrier_single", 
        "ptsPossible": 1.0
      }, 
      {
        "description": "Test for multiple uses of the barrier.", 
        "ptsEarned": 0.0, 
        "log": "Trying to compile your code...\nSuccessfully compiled your code..\nFailed the test. Output was incorrect.\nFailed the test. Output was incorrect.\nFailed the test. Output was incorrect.\n\nPassed 0/3 trials.", 
        "name": "test_barrier_multiple", 
        "ptsPossible": 1.0
      }, 
      {
        "description": "Test for multiple uses of the barrier under valgrind.", 
        "ptsEarned": 0.0, 
        "log": "Trying to compile your code...\nSuccessfully compiled your code..\n==28031== Memcheck, a memory error detector\n==28031== Copyright (C) 2002-2015, and GNU GPL'd, by Julian Seward et al.\n==28031== Using Valgrind-3.11.0 and LibVEX; rerun with -h for copyright info\n==28031== Command: ./barrier_tests 2 4\n==28031== \n==28031== \n==28031== HEAP SUMMARY:\n==28031==     in use at exit: 0 bytes in 0 blocks\n==28031==   total heap usage: 5 allocs, 5 frees, 5,184 bytes allocated\n==28031== \n==28031== All heap blocks were freed -- no leaks are possible\n==28031== \n==28031== For counts of detected and suppressed errors, rerun with: -v\n==28031== ERROR SUMMARY: 0 errors from 0 contexts (suppressed: 0 from 0)\n\nFailed the test. Output was incorrect.\n\nPassed 0/1 trials.", 
        "name": "test_barrier_mem", 
        "ptsPossible": 1.0
      }
    ], 
    "checksum": "9e9c63c83ef6b56e2f9fac99025cb44279015334  queue.c\n8a483bce32fba801bb574f7d3063adf858985cb9  semamore.c\na6262f03eea81f1eb1aa59e85996c1254e8b4ea3  barrier.c", 
    "revision": "37262"
  }, 
  {
    "timestamp": "2016-09-30 22:00:00.731724", 
    "testcases": [
      {
        "log": "Queue failed to block!", 
        "ptsEarned": 0.0, 
        "ptsPossible": 1.0, 
        "name": "test_queue_block_on_min", 
        "description": "Test queue, queue size doesn't exceed max capacity"
      }, 
      {
        "log": "Queue failed to block!", 
        "ptsEarned": 0.0, 
        "ptsPossible": 1.0, 
        "name": "test_queue_maxSize", 
        "description": "Test queue, queue size doesn't exceed max capacity"
      }, 
      {
        "log": "", 
        "ptsEarned": 0.0, 
        "ptsPossible": 1.0, 
        "name": "test_queue_generic_test", 
        "description": "Test queue, push and pull large amounts of data"
      }, 
      {
        "log": "Trying to compile your code...\nSuccessfully compiled your code..\nsum: 0\n\nsum: 0\n\nsum: 0\n\nYour code passed 0 out of 3 runs", 
        "ptsEarned": 0.0, 
        "ptsPossible": 1.0, 
        "name": "test_queue_stress", 
        "description": "Queue stress test"
      }, 
      {
        "log": "Trying to compile your code...\nSuccessfully compiled your code..\n==14623== Memcheck, a memory error detector\n==14623== Copyright (C) 2002-2015, and GNU GPL'd, by Julian Seward et al.\n==14623== Using Valgrind-3.11.0 and LibVEX; rerun with -h for copyright info\n==14623== Command: ./queue_tests 5\n==14623== \n==14623== \n==14623== HEAP SUMMARY:\n==14623==     in use at exit: 0 bytes in 0 blocks\n==14623==   total heap usage: 0 allocs, 0 frees, 0 bytes allocated\n==14623== \n==14623== All heap blocks were freed -- no leaks are possible\n==14623== \n==14623== For counts of detected and suppressed errors, rerun with: -v\n==14623== ERROR SUMMARY: 0 errors from 0 contexts (suppressed: 0 from 0)\n", 
        "ptsEarned": 1.0, 
        "ptsPossible": 1.0, 
        "name": "test_queue_mem", 
        "description": "Queue stress test"
      }, 
      {
        "log": "Trying to compile your code...\nSuccessfully compiled your code..", 
        "ptsEarned": 1.0, 
        "ptsPossible": 1.0, 
        "name": "test_queue_unboundedness", 
        "description": "Test that queue is not bounded"
      }, 
      {
        "log": "Trying to compile your code...\nFAILED TO COMPILE!\nsemamore.c:37:26: warning: unused parameter 's' [-Wunused-parameter]\nvoid semm_post(Semamore *s) {\n                         ^\nsemamore.c:47:2: error: implicit declaration of function 'free' is invalid in C99 [-Werror,-Wimplicit-function-declaration]\n        free(s -> m);\n        ^\n1 warning and 1 error generated.\nmake: *** [.objs/semamore-release.o] Error 1\n", 
        "ptsEarned": 0.0, 
        "ptsPossible": 1.0, 
        "name": "test_semamore", 
        "description": "Test semamore in rendezvous.c"
      }, 
      {
        "log": "Trying to compile your code...\nFAILED TO COMPILE!\nsemamore_tests.c:68:14: warning: unused parameter 'argc' [-Wunused-parameter]\nint main(int argc, char **argv){\n             ^\n1 warning generated.\nsemamore.c:37:26: warning: unused parameter 's' [-Wunused-parameter]\nvoid semm_post(Semamore *s) {\n                         ^\nsemamore.c:47:2: error: implicit declaration of function 'free' is invalid in C99 [-Werror,-Wimplicit-function-declaration]\n        free(s -> m);\n        ^\n1 warning and 1 error generated.\nmake: *** [.objs/semamore-release.o] Error 1\n", 
        "ptsEarned": 0.0, 
        "ptsPossible": 1.0, 
        "name": "test_semamore_init", 
        "description": "Test semamore init function"
      }, 
      {
        "log": "Trying to compile your code...\nFAILED TO COMPILE!\nsemamore.c:37:26: warning: unused parameter 's' [-Wunused-parameter]\nvoid semm_post(Semamore *s) {\n                         ^\nsemamore.c:47:2: error: implicit declaration of function 'free' is invalid in C99 [-Werror,-Wimplicit-function-declaration]\n        free(s -> m);\n        ^\n1 warning and 1 error generated.\nmake: *** [.objs/semamore-release.o] Error 1\n", 
        "ptsEarned": 0.0, 
        "ptsPossible": 1.0, 
        "name": "test_semamore_wait_simple", 
        "description": "Test semamore wait"
      }, 
      {
        "log": "Trying to compile your code...\nFAILED TO COMPILE!\nsemamore.c:37:26: warning: unused parameter 's' [-Wunused-parameter]\nvoid semm_post(Semamore *s) {\n                         ^\nsemamore.c:47:2: error: implicit declaration of function 'free' is invalid in C99 [-Werror,-Wimplicit-function-declaration]\n        free(s -> m);\n        ^\n1 warning and 1 error generated.\nmake: *** [.objs/semamore-release.o] Error 1\n", 
        "ptsEarned": 0.0, 
        "ptsPossible": 1.0, 
        "name": "test_semamore_wait_block", 
        "description": "Test that semamore wait blocks"
      }, 
      {
        "log": "Trying to compile your code...\nFAILED TO COMPILE!\nsemamore.c:37:26: warning: unused parameter 's' [-Wunused-parameter]\nvoid semm_post(Semamore *s) {\n                         ^\nsemamore.c:47:2: error: implicit declaration of function 'free' is invalid in C99 [-Werror,-Wimplicit-function-declaration]\n        free(s -> m);\n        ^\n1 warning and 1 error generated.\nmake: *** [.objs/semamore-release.o] Error 1\n", 
        "ptsEarned": 0.0, 
        "ptsPossible": 1.0, 
        "name": "test_semamore_post_simple", 
        "description": "Test semamore post"
      }, 
      {
        "log": "Trying to compile your code...\nFAILED TO COMPILE!\nsemamore.c:37:26: warning: unused parameter 's' [-Wunused-parameter]\nvoid semm_post(Semamore *s) {\n                         ^\nsemamore.c:47:2: error: implicit declaration of function 'free' is invalid in C99 [-Werror,-Wimplicit-function-declaration]\n        free(s -> m);\n        ^\n1 warning and 1 error generated.\nmake: *** [.objs/semamore-release.o] Error 1\n", 
        "ptsEarned": 0.0, 
        "ptsPossible": 1.0, 
        "name": "test_semamore_post_block", 
        "description": "Test that semamore post blocks"
      }, 
      {
        "log": "Trying to compile your code...\nSuccessfully compiled your code..\nFailed the test. Output was incorrect.\nFailed the test. Output was incorrect.\nFailed the test. Output was incorrect.\n\nPassed 0/3 trials.", 
        "ptsEarned": 0.0, 
        "ptsPossible": 1.0, 
        "name": "test_barrier_single", 
        "description": "Test on use of barrier."
      }, 
      {
        "log": "Trying to compile your code...\nSuccessfully compiled your code..\nFailed the test. Output was incorrect.\nFailed the test. Output was incorrect.\nFailed the test. Output was incorrect.\n\nPassed 0/3 trials.", 
        "ptsEarned": 0.0, 
        "ptsPossible": 1.0, 
        "name": "test_barrier_multiple", 
        "description": "Test for multiple uses of the barrier."
      }, 
      {
        "log": "Trying to compile your code...\nSuccessfully compiled your code..\n==14747== Memcheck, a memory error detector\n==14747== Copyright (C) 2002-2015, and GNU GPL'd, by Julian Seward et al.\n==14747== Using Valgrind-3.11.0 and LibVEX; rerun with -h for copyright info\n==14747== Command: ./barrier_tests 2 4\n==14747== \n==14747== \n==14747== HEAP SUMMARY:\n==14747==     in use at exit: 0 bytes in 0 blocks\n==14747==   total heap usage: 5 allocs, 5 frees, 5,184 bytes allocated\n==14747== \n==14747== All heap blocks were freed -- no leaks are possible\n==14747== \n==14747== For counts of detected and suppressed errors, rerun with: -v\n==14747== ERROR SUMMARY: 0 errors from 0 contexts (suppressed: 0 from 0)\n\nFailed the test. Output was incorrect.\n\nPassed 0/1 trials.", 
        "ptsEarned": 0.0, 
        "ptsPossible": 1.0, 
        "name": "test_barrier_mem", 
        "description": "Test for multiple uses of the barrier under valgrind."
      }
    ], 
    "revision": "37589", 
    "checksum": "ef5f63dd92202a0814911c28873be36f7f9ff9a5  queue.c\n9503abb01b339476f20f3f6d264dbf3c27e779d3  semamore.c\n6bcb53e8714f5fb34fd8ada21a6217304fd82e5f  barrier.c"
  }, 
  {
    "timestamp": "2016-10-01 22:00:00.698447", 
    "testcases": [
      {
        "ptsPossible": 1.0, 
        "ptsEarned": 0.0, 
        "description": "Test queue, queue size doesn't exceed max capacity", 
        "name": "test_queue_block_on_min", 
        "log": "Queue failed to block!"
      }, 
      {
        "ptsPossible": 1.0, 
        "ptsEarned": 0.0, 
        "description": "Test queue, queue size doesn't exceed max capacity", 
        "name": "test_queue_maxSize", 
        "log": "Queue failed to block!"
      }, 
      {
        "ptsPossible": 1.0, 
        "ptsEarned": 0.0, 
        "description": "Test queue, push and pull large amounts of data", 
        "name": "test_queue_generic_test", 
        "log": ""
      }, 
      {
        "ptsPossible": 1.0, 
        "ptsEarned": 0.0, 
        "description": "Queue stress test", 
        "name": "test_queue_stress", 
        "log": "Trying to compile your code...\nSuccessfully compiled your code..\nsum: 0\n\nsum: 0\n\nsum: 0\n\nYour code passed 0 out of 3 runs"
      }, 
      {
        "ptsPossible": 1.0, 
        "ptsEarned": 1.0, 
        "description": "Queue stress test", 
        "name": "test_queue_mem", 
        "log": "Trying to compile your code...\nSuccessfully compiled your code..\n==1433== Memcheck, a memory error detector\n==1433== Copyright (C) 2002-2015, and GNU GPL'd, by Julian Seward et al.\n==1433== Using Valgrind-3.11.0 and LibVEX; rerun with -h for copyright info\n==1433== Command: ./queue_tests 5\n==1433== \n==1433== \n==1433== HEAP SUMMARY:\n==1433==     in use at exit: 0 bytes in 0 blocks\n==1433==   total heap usage: 0 allocs, 0 frees, 0 bytes allocated\n==1433== \n==1433== All heap blocks were freed -- no leaks are possible\n==1433== \n==1433== For counts of detected and suppressed errors, rerun with: -v\n==1433== ERROR SUMMARY: 0 errors from 0 contexts (suppressed: 0 from 0)\n"
      }, 
      {
        "ptsPossible": 1.0, 
        "ptsEarned": 1.0, 
        "description": "Test that queue is not bounded", 
        "name": "test_queue_unboundedness", 
        "log": "Trying to compile your code...\nSuccessfully compiled your code.."
      }, 
      {
        "ptsPossible": 1.0, 
        "ptsEarned": 0.0, 
        "description": "Test semamore in rendezvous.c", 
        "name": "test_semamore", 
        "log": "Trying to compile your code...\nFAILED TO COMPILE!\nsemamore.c:37:26: warning: unused parameter 's' [-Wunused-parameter]\nvoid semm_post(Semamore *s) {\n                         ^\nsemamore.c:47:2: error: implicit declaration of function 'free' is invalid in C99 [-Werror,-Wimplicit-function-declaration]\n        free(s -> m);\n        ^\n1 warning and 1 error generated.\nmake: *** [.objs/semamore-release.o] Error 1\n"
      }, 
      {
        "ptsPossible": 1.0, 
        "ptsEarned": 0.0, 
        "description": "Test semamore init function", 
        "name": "test_semamore_init", 
        "log": "Trying to compile your code...\nFAILED TO COMPILE!\nsemamore_tests.c:68:14: warning: unused parameter 'argc' [-Wunused-parameter]\nint main(int argc, char **argv){\n             ^\n1 warning generated.\nsemamore.c:37:26: warning: unused parameter 's' [-Wunused-parameter]\nvoid semm_post(Semamore *s) {\n                         ^\nsemamore.c:47:2: error: implicit declaration of function 'free' is invalid in C99 [-Werror,-Wimplicit-function-declaration]\n        free(s -> m);\n        ^\n1 warning and 1 error generated.\nmake: *** [.objs/semamore-release.o] Error 1\n"
      }, 
      {
        "ptsPossible": 1.0, 
        "ptsEarned": 0.0, 
        "description": "Test semamore wait", 
        "name": "test_semamore_wait_simple", 
        "log": "Trying to compile your code...\nFAILED TO COMPILE!\nsemamore.c:37:26: warning: unused parameter 's' [-Wunused-parameter]\nvoid semm_post(Semamore *s) {\n                         ^\nsemamore.c:47:2: error: implicit declaration of function 'free' is invalid in C99 [-Werror,-Wimplicit-function-declaration]\n        free(s -> m);\n        ^\n1 warning and 1 error generated.\nmake: *** [.objs/semamore-release.o] Error 1\n"
      }, 
      {
        "ptsPossible": 1.0, 
        "ptsEarned": 0.0, 
        "description": "Test that semamore wait blocks", 
        "name": "test_semamore_wait_block", 
        "log": "Trying to compile your code...\nFAILED TO COMPILE!\nsemamore.c:37:26: warning: unused parameter 's' [-Wunused-parameter]\nvoid semm_post(Semamore *s) {\n                         ^\nsemamore.c:47:2: error: implicit declaration of function 'free' is invalid in C99 [-Werror,-Wimplicit-function-declaration]\n        free(s -> m);\n        ^\n1 warning and 1 error generated.\nmake: *** [.objs/semamore-release.o] Error 1\n"
      }, 
      {
        "ptsPossible": 1.0, 
        "ptsEarned": 0.0, 
        "description": "Test semamore post", 
        "name": "test_semamore_post_simple", 
        "log": "Trying to compile your code...\nFAILED TO COMPILE!\nsemamore.c:37:26: warning: unused parameter 's' [-Wunused-parameter]\nvoid semm_post(Semamore *s) {\n                         ^\nsemamore.c:47:2: error: implicit declaration of function 'free' is invalid in C99 [-Werror,-Wimplicit-function-declaration]\n        free(s -> m);\n        ^\n1 warning and 1 error generated.\nmake: *** [.objs/semamore-release.o] Error 1\n"
      }, 
      {
        "ptsPossible": 1.0, 
        "ptsEarned": 0.0, 
        "description": "Test that semamore post blocks", 
        "name": "test_semamore_post_block", 
        "log": "Trying to compile your code...\nFAILED TO COMPILE!\nsemamore.c:37:26: warning: unused parameter 's' [-Wunused-parameter]\nvoid semm_post(Semamore *s) {\n                         ^\nsemamore.c:47:2: error: implicit declaration of function 'free' is invalid in C99 [-Werror,-Wimplicit-function-declaration]\n        free(s -> m);\n        ^\n1 warning and 1 error generated.\nmake: *** [.objs/semamore-release.o] Error 1\n"
      }, 
      {
        "ptsPossible": 1.0, 
        "ptsEarned": 0.0, 
        "description": "Test on use of barrier.", 
        "name": "test_barrier_single", 
        "log": "Trying to compile your code...\nSuccessfully compiled your code..\nFailed the test. Output was incorrect.\nFailed the test. Output was incorrect.\nFailed the test. Output was incorrect.\n\nPassed 0/3 trials."
      }, 
      {
        "ptsPossible": 1.0, 
        "ptsEarned": 0.0, 
        "description": "Test for multiple uses of the barrier.", 
        "name": "test_barrier_multiple", 
        "log": "Trying to compile your code...\nSuccessfully compiled your code..\nFailed the test. Output was incorrect.\nFailed the test. Output was incorrect.\nFailed the test. Output was incorrect.\n\nPassed 0/3 trials."
      }, 
      {
        "ptsPossible": 1.0, 
        "ptsEarned": 0.0, 
        "description": "Test for multiple uses of the barrier under valgrind.", 
        "name": "test_barrier_mem", 
        "log": "Trying to compile your code...\nSuccessfully compiled your code..\n==1557== Memcheck, a memory error detector\n==1557== Copyright (C) 2002-2015, and GNU GPL'd, by Julian Seward et al.\n==1557== Using Valgrind-3.11.0 and LibVEX; rerun with -h for copyright info\n==1557== Command: ./barrier_tests 2 4\n==1557== \n==1557== \n==1557== HEAP SUMMARY:\n==1557==     in use at exit: 0 bytes in 0 blocks\n==1557==   total heap usage: 5 allocs, 5 frees, 5,184 bytes allocated\n==1557== \n==1557== All heap blocks were freed -- no leaks are possible\n==1557== \n==1557== For counts of detected and suppressed errors, rerun with: -v\n==1557== ERROR SUMMARY: 0 errors from 0 contexts (suppressed: 0 from 0)\n\nFailed the test. Output was incorrect.\n\nPassed 0/1 trials."
      }
    ], 
    "checksum": "ef5f63dd92202a0814911c28873be36f7f9ff9a5  queue.c\n9503abb01b339476f20f3f6d264dbf3c27e779d3  semamore.c\n6bcb53e8714f5fb34fd8ada21a6217304fd82e5f  barrier.c", 
    "revision": "38391"
  }, 
  {
    "timestamp": "2016-10-02 22:00:00.748311", 
    "testcases": [
      {
        "description": "Test queue, queue size doesn't exceed max capacity", 
        "ptsEarned": 0.0, 
        "log": "Queue failed to block!", 
        "name": "test_queue_block_on_min", 
        "ptsPossible": 1.0
      }, 
      {
        "description": "Test queue, queue size doesn't exceed max capacity", 
        "ptsEarned": 0.0, 
        "log": "Queue failed to block!", 
        "name": "test_queue_maxSize", 
        "ptsPossible": 1.0
      }, 
      {
        "description": "Test queue, push and pull large amounts of data", 
        "ptsEarned": 0.0, 
        "log": "", 
        "name": "test_queue_generic_test", 
        "ptsPossible": 1.0
      }, 
      {
        "description": "Queue stress test", 
        "ptsEarned": 0.0, 
        "log": "Trying to compile your code...\nSuccessfully compiled your code..\nsum: 0\n\nsum: 0\n\nsum: 0\n\nYour code passed 0 out of 3 runs", 
        "name": "test_queue_stress", 
        "ptsPossible": 1.0
      }, 
      {
        "description": "Queue stress test", 
        "ptsEarned": 1.0, 
        "log": "Trying to compile your code...\nSuccessfully compiled your code..\n==20694== Memcheck, a memory error detector\n==20694== Copyright (C) 2002-2015, and GNU GPL'd, by Julian Seward et al.\n==20694== Using Valgrind-3.11.0 and LibVEX; rerun with -h for copyright info\n==20694== Command: ./queue_tests 5\n==20694== \n==20694== \n==20694== HEAP SUMMARY:\n==20694==     in use at exit: 0 bytes in 0 blocks\n==20694==   total heap usage: 0 allocs, 0 frees, 0 bytes allocated\n==20694== \n==20694== All heap blocks were freed -- no leaks are possible\n==20694== \n==20694== For counts of detected and suppressed errors, rerun with: -v\n==20694== ERROR SUMMARY: 0 errors from 0 contexts (suppressed: 0 from 0)\n", 
        "name": "test_queue_mem", 
        "ptsPossible": 1.0
      }, 
      {
        "description": "Test that queue is not bounded", 
        "ptsEarned": 1.0, 
        "log": "Trying to compile your code...\nSuccessfully compiled your code..", 
        "name": "test_queue_unboundedness", 
        "ptsPossible": 1.0
      }, 
      {
        "description": "Test semamore in rendezvous.c", 
        "ptsEarned": 0.0, 
        "log": "Trying to compile your code...\nFAILED TO COMPILE!\nsemamore.c:37:26: warning: unused parameter 's' [-Wunused-parameter]\nvoid semm_post(Semamore *s) {\n                         ^\nsemamore.c:47:2: error: implicit declaration of function 'free' is invalid in C99 [-Werror,-Wimplicit-function-declaration]\n        free(s -> m);\n        ^\n1 warning and 1 error generated.\nmake: *** [.objs/semamore-release.o] Error 1\n", 
        "name": "test_semamore", 
        "ptsPossible": 1.0
      }, 
      {
        "description": "Test semamore init function", 
        "ptsEarned": 0.0, 
        "log": "Trying to compile your code...\nFAILED TO COMPILE!\nsemamore_tests.c:68:14: warning: unused parameter 'argc' [-Wunused-parameter]\nint main(int argc, char **argv){\n             ^\n1 warning generated.\nsemamore.c:37:26: warning: unused parameter 's' [-Wunused-parameter]\nvoid semm_post(Semamore *s) {\n                         ^\nsemamore.c:47:2: error: implicit declaration of function 'free' is invalid in C99 [-Werror,-Wimplicit-function-declaration]\n        free(s -> m);\n        ^\n1 warning and 1 error generated.\nmake: *** [.objs/semamore-release.o] Error 1\n", 
        "name": "test_semamore_init", 
        "ptsPossible": 1.0
      }, 
      {
        "description": "Test semamore wait", 
        "ptsEarned": 0.0, 
        "log": "Trying to compile your code...\nFAILED TO COMPILE!\nsemamore.c:37:26: warning: unused parameter 's' [-Wunused-parameter]\nvoid semm_post(Semamore *s) {\n                         ^\nsemamore.c:47:2: error: implicit declaration of function 'free' is invalid in C99 [-Werror,-Wimplicit-function-declaration]\n        free(s -> m);\n        ^\n1 warning and 1 error generated.\nmake: *** [.objs/semamore-release.o] Error 1\n", 
        "name": "test_semamore_wait_simple", 
        "ptsPossible": 1.0
      }, 
      {
        "description": "Test that semamore wait blocks", 
        "ptsEarned": 0.0, 
        "log": "Trying to compile your code...\nFAILED TO COMPILE!\nsemamore.c:37:26: warning: unused parameter 's' [-Wunused-parameter]\nvoid semm_post(Semamore *s) {\n                         ^\nsemamore.c:47:2: error: implicit declaration of function 'free' is invalid in C99 [-Werror,-Wimplicit-function-declaration]\n        free(s -> m);\n        ^\n1 warning and 1 error generated.\nmake: *** [.objs/semamore-release.o] Error 1\n", 
        "name": "test_semamore_wait_block", 
        "ptsPossible": 1.0
      }, 
      {
        "description": "Test semamore post", 
        "ptsEarned": 0.0, 
        "log": "Trying to compile your code...\nFAILED TO COMPILE!\nsemamore.c:37:26: warning: unused parameter 's' [-Wunused-parameter]\nvoid semm_post(Semamore *s) {\n                         ^\nsemamore.c:47:2: error: implicit declaration of function 'free' is invalid in C99 [-Werror,-Wimplicit-function-declaration]\n        free(s -> m);\n        ^\n1 warning and 1 error generated.\nmake: *** [.objs/semamore-release.o] Error 1\n", 
        "name": "test_semamore_post_simple", 
        "ptsPossible": 1.0
      }, 
      {
        "description": "Test that semamore post blocks", 
        "ptsEarned": 0.0, 
        "log": "Trying to compile your code...\nFAILED TO COMPILE!\nsemamore.c:37:26: warning: unused parameter 's' [-Wunused-parameter]\nvoid semm_post(Semamore *s) {\n                         ^\nsemamore.c:47:2: error: implicit declaration of function 'free' is invalid in C99 [-Werror,-Wimplicit-function-declaration]\n        free(s -> m);\n        ^\n1 warning and 1 error generated.\nmake: *** [.objs/semamore-release.o] Error 1\n", 
        "name": "test_semamore_post_block", 
        "ptsPossible": 1.0
      }, 
      {
        "description": "Test on use of barrier.", 
        "ptsEarned": 0.0, 
        "log": "Trying to compile your code...\nSuccessfully compiled your code..\nFailed the test. Output was incorrect.\nFailed the test. Output was incorrect.\nFailed the test. Output was incorrect.\n\nPassed 0/3 trials.", 
        "name": "test_barrier_single", 
        "ptsPossible": 1.0
      }, 
      {
        "description": "Test for multiple uses of the barrier.", 
        "ptsEarned": 0.0, 
        "log": "Trying to compile your code...\nSuccessfully compiled your code..\nFailed the test. Output was incorrect.\nFailed the test. Output was incorrect.\nFailed the test. Output was incorrect.\n\nPassed 0/3 trials.", 
        "name": "test_barrier_multiple", 
        "ptsPossible": 1.0
      }, 
      {
        "description": "Test for multiple uses of the barrier under valgrind.", 
        "ptsEarned": 0.0, 
        "log": "Trying to compile your code...\nSuccessfully compiled your code..\n==20818== Memcheck, a memory error detector\n==20818== Copyright (C) 2002-2015, and GNU GPL'd, by Julian Seward et al.\n==20818== Using Valgrind-3.11.0 and LibVEX; rerun with -h for copyright info\n==20818== Command: ./barrier_tests 2 4\n==20818== \n==20818== \n==20818== HEAP SUMMARY:\n==20818==     in use at exit: 0 bytes in 0 blocks\n==20818==   total heap usage: 5 allocs, 5 frees, 5,184 bytes allocated\n==20818== \n==20818== All heap blocks were freed -- no leaks are possible\n==20818== \n==20818== For counts of detected and suppressed errors, rerun with: -v\n==20818== ERROR SUMMARY: 0 errors from 0 contexts (suppressed: 0 from 0)\n\nFailed the test. Output was incorrect.\n\nPassed 0/1 trials.", 
        "name": "test_barrier_mem", 
        "ptsPossible": 1.0
      }
    ], 
    "revision": "39221", 
    "checksum": "ef5f63dd92202a0814911c28873be36f7f9ff9a5  queue.c\n9503abb01b339476f20f3f6d264dbf3c27e779d3  semamore.c\n6bcb53e8714f5fb34fd8ada21a6217304fd82e5f  barrier.c"
  }, 
  {
    "timestamp": "2016-10-03 22:00:00.712509", 
    "testcases": [
      {
        "log": "Trying to compile your code...\nSuccessfully compiled your code..", 
        "ptsPossible": 1.0, 
        "ptsEarned": 1.0, 
        "name": "test_queue_block_on_min", 
        "description": "Test queue, queue size doesn't exceed max capacity"
      }, 
      {
        "log": "Queue failed to block!", 
        "ptsPossible": 1.0, 
        "ptsEarned": 0.0, 
        "name": "test_queue_maxSize", 
        "description": "Test queue, queue size doesn't exceed max capacity"
      }, 
      {
        "log": "Timed Out!", 
        "ptsPossible": 1.0, 
        "ptsEarned": 0.0, 
        "name": "test_queue_generic_test", 
        "description": "Test queue, push and pull large amounts of data"
      }, 
      {
        "log": "Trying to compile your code...\nSuccessfully compiled your code..\nTimed Out!\nTimed Out!\nTimed Out!\nYour code passed 0 out of 3 runs", 
        "ptsPossible": 1.0, 
        "ptsEarned": 0.0, 
        "name": "test_queue_stress", 
        "description": "Queue stress test"
      }, 
      {
        "log": "Timed Out!", 
        "ptsPossible": 1.0, 
        "ptsEarned": 0.0, 
        "name": "test_queue_mem", 
        "description": "Queue stress test"
      }, 
      {
        "log": "Trying to compile your code...\nSuccessfully compiled your code..", 
        "ptsPossible": 1.0, 
        "ptsEarned": 1.0, 
        "name": "test_queue_unboundedness", 
        "description": "Test that queue is not bounded"
      }, 
      {
        "log": "Test Failed", 
        "ptsPossible": 1.0, 
        "ptsEarned": 0.0, 
        "name": "test_semamore", 
        "description": "Test semamore in rendezvous.c"
      }, 
      {
        "log": "Trying to compile your code...\nSuccessfully compiled your code..", 
        "ptsPossible": 1.0, 
        "ptsEarned": 1.0, 
        "name": "test_semamore_init", 
        "description": "Test semamore init function"
      }, 
      {
        "log": "Test Failed", 
        "ptsPossible": 1.0, 
        "ptsEarned": 0.0, 
        "name": "test_semamore_wait_simple", 
        "description": "Test semamore wait"
      }, 
      {
        "log": "Test Failed", 
        "ptsPossible": 1.0, 
        "ptsEarned": 0.0, 
        "name": "test_semamore_wait_block", 
        "description": "Test that semamore wait blocks"
      }, 
      {
        "log": "Test Failed", 
        "ptsPossible": 1.0, 
        "ptsEarned": 0.0, 
        "name": "test_semamore_post_simple", 
        "description": "Test semamore post"
      }, 
      {
        "log": "Test Failed", 
        "ptsPossible": 1.0, 
        "ptsEarned": 0.0, 
        "name": "test_semamore_post_block", 
        "description": "Test that semamore post blocks"
      }, 
      {
        "log": "Trying to compile your code...\nSuccessfully compiled your code..\nFailed the test. Output was incorrect.\nFailed the test. Output was incorrect.\nFailed the test. Output was incorrect.\n\nPassed 0/3 trials.", 
        "ptsPossible": 1.0, 
        "ptsEarned": 0.0, 
        "name": "test_barrier_single", 
        "description": "Test on use of barrier."
      }, 
      {
        "log": "Trying to compile your code...\nSuccessfully compiled your code..\nFailed the test. Output was incorrect.\nFailed the test. Output was incorrect.\nFailed the test. Output was incorrect.\n\nPassed 0/3 trials.", 
        "ptsPossible": 1.0, 
        "ptsEarned": 0.0, 
        "name": "test_barrier_multiple", 
        "description": "Test for multiple uses of the barrier."
      }, 
      {
        "log": "Trying to compile your code...\nSuccessfully compiled your code..\n==7469== Memcheck, a memory error detector\n==7469== Copyright (C) 2002-2015, and GNU GPL'd, by Julian Seward et al.\n==7469== Using Valgrind-3.11.0 and LibVEX; rerun with -h for copyright info\n==7469== Command: ./barrier_tests 2 4\n==7469== \n==7469== \n==7469== HEAP SUMMARY:\n==7469==     in use at exit: 0 bytes in 0 blocks\n==7469==   total heap usage: 5 allocs, 5 frees, 5,184 bytes allocated\n==7469== \n==7469== All heap blocks were freed -- no leaks are possible\n==7469== \n==7469== For counts of detected and suppressed errors, rerun with: -v\n==7469== ERROR SUMMARY: 0 errors from 0 contexts (suppressed: 0 from 0)\n\nFailed the test. Output was incorrect.\n\nPassed 0/1 trials.", 
        "ptsPossible": 1.0, 
        "ptsEarned": 0.0, 
        "name": "test_barrier_mem", 
        "description": "Test for multiple uses of the barrier under valgrind."
      }
    ], 
    "checksum": "5ccf9dd790165f098d44c9a4ef180bf9599be716  queue.c\n761040a64d2eb163296344f268a0b237e251ae99  semamore.c\n6bcb53e8714f5fb34fd8ada21a6217304fd82e5f  barrier.c", 
    "revision": "41222"
  }
]